running clean.py
Column 'row_id' was not cleaned.
Column 'cr_id' was not cleaned.
Column 'race' cleaned as race using GeneralCleaners.
[nan, 'U'] values not in race_types.yaml file. 49958 cases replaced with ''
Column 'gender' cleaned as gender using GeneralCleaners.
[nan] values not in gender_types.yaml file. 49919 cases replaced with ''
Column 'star' cleaned as star using GeneralCleaners.
Column 'birth_year' was not cleaned.
Column 'assigned_unit' was not cleaned.
Column 'current_unit' cleaned as int using GeneralCleaners.
Column 'rank' was not cleaned.
Column 'current_rank' was not cleaned.
Column 'duty_status' was not cleaned.
Column 'accused_arrested' was not cleaned.
Column 'injury_condition' was not cleaned.
Column 'complaint_code' was not cleaned.
Column 'allegation_category_desc' was not cleaned.
Column 'final_finding' was not cleaned.
Column 'final_finding_desc' was not cleaned.
Column 'final_penalty' was not cleaned.
Column 'days' was not cleaned.
Column 'final_penalty_desc' was not cleaned.
Column(s) '('first_name', 'middle_initial', 'last_name')' cleaned as name(s) using NameCleaners.
Columns dropped due to all NA values: ('human_name', 'middle_name', 'full_name', 'second_name')
