running src/merge.py
Loading reference data with 323511 rows and 33028 universal IDs
Adding file with intrafile ID: complaints-investigators_2000-2016_2016-11_ID
224 rows dropped due to merge!=1. 2974 rows remaining
Data reshaped wide (2974 rows) to long (75587 rows) by cr_id columns
Adding column [F4FN] to data with ID = UID
Adding column [F4LN] to data with ID = UID
Adding column [BY_to_CA] to data with ID = UID
Adding column [current_age] to data with ID = UID
Adding column [F4FN] to data with ID = complaints-investigators_2000-2016_2016-11_ID
Adding column [F4LN] to data with ID = complaints-investigators_2000-2016_2016-11_ID
Adding column [BY_to_CA] to data with ID = complaints-investigators_2000-2016_2016-11_ID
Adding column [current_age] to data with ID = complaints-investigators_2000-2016_2016-11_ID
Beginning loop_merge.
Merge Report:
2974 Total Merged. 9.0% of ref and 100.0% of sup Merged.
30054 Unmerged in ref. 91.0% Unmerged.
0 Unmerged in sup. 0.0% Unmerged.

first_name_NS-last_name_NS-appointed_date-current_unit                   1465
star-first_name_NS-last_name_NS-appointed_date-current_unit              1343
star-cr_id-first_name_NS-last_name_NS-appointed_date-current_unit          64
first_name_NS-last_name_NS-appointed_date                                  46
cr_id-first_name_NS-last_name_NS-appointed_date-current_unit               44
star-first_name_NS-last_name_NS-appointed_date                             11
first_name_NS-last_name_NS-appointed_date-middle_initial-current_unit       1
Name: matched_on, dtype: int64
Loading reference data with 323511 rows and 33028 universal IDs
Adding file with intrafile ID: complaints-investigators_2000-2016_2016-11_ID
224 rows dropped due to merge!=1. 2974 rows remaining
Data reshaped wide (2974 rows) to long (75587 rows) by cr_id columns
Adding column [F4FN] to data with ID = UID
Adding column [F4LN] to data with ID = UID
Adding column [BY_to_CA] to data with ID = UID
Adding column [current_age] to data with ID = UID
Adding column [F4FN] to data with ID = complaints-investigators_2000-2016_2016-11_ID
Adding column [F4LN] to data with ID = complaints-investigators_2000-2016_2016-11_ID
Adding column [BY_to_CA] to data with ID = complaints-investigators_2000-2016_2016-11_ID
Adding column [current_age] to data with ID = complaints-investigators_2000-2016_2016-11_ID
Beginning loop_merge.
Merge Report:
2974 Total Merged. 9.0% of ref and 100.0% of sup Merged.
30054 Unmerged in ref. 91.0% Unmerged.
0 Unmerged in sup. 0.0% Unmerged.

first_name_NS-last_name_NS-appointed_date-current_unit                   1465
star-first_name_NS-last_name_NS-appointed_date-current_unit              1343
star-cr_id-first_name_NS-last_name_NS-appointed_date-current_unit          64
first_name_NS-last_name_NS-appointed_date                                  46
cr_id-first_name_NS-last_name_NS-appointed_date-current_unit               44
star-first_name_NS-last_name_NS-appointed_date                             11
first_name_NS-last_name_NS-appointed_date-middle_initial-current_unit       1
Name: matched_on, dtype: int64
hed_on, dtype: int64
hed_on, dtype: int64
