running merge.py
Adding column [F4FN] to data with ID = UID
Adding column [F4LN] to data with ID = UID
78 rows dropped due to merge!=1. 6077 rows remaining
Data reshaped wide (6077 rows) to long (6696 rows) by star columns
Adding column [F4FN] to data with ID = TRR-officers_2020-2021_2021-06_p660692_ID
Adding column [F4LN] to data with ID = TRR-officers_2020-2021_2021-06_p660692_ID
Running merge (1 of 1): base
Required column types: first_name, last_name, appointed_date
Optional column types: star, birth_year, middle_initial, gender, race, suffix_name, current_unit
Alternate columns for types: first_name: first_name_NS, F4FN; last_name: last_name_NS, F4LN; birth_year: birth_year, current_age, current_age_m1, current_age_p1, 
6077 rows merged. 17.09% of ref and 100.0% of sup merged.
29476 unmerged in ref. 82.91% unmerged.
0 unmerged in sup. 0.0% unmerged.

Final Merge Report: 
6077 rows merged. 17.09% of ref and 100.0% of sup merged.
29476 unmerged in ref. 82.91% unmerged.
0 unmerged in sup. 0.0% unmerged.
matched_on
star-first_name_NS-last_name_NS-appointed_date-birth_year-middle_initial-gender-race-current_unit                4252
star-first_name_NS-last_name_NS-appointed_date-birth_year-middle_initial-gender-race                              735
star-first_name_NS-last_name_NS-appointed_date-birth_year-gender-race-current_unit                                678
star-first_name_NS-last_name_NS-appointed_date-birth_year-middle_initial-gender-race-suffix_name-current_unit     127
star-first_name_NS-last_name_NS-appointed_date-birth_year-gender-race                                              71
star-first_name_NS-last_name_NS-appointed_date-birth_year-gender-race-suffix_name-current_unit                     68
star-first_name_NS-last_name_NS-appointed_date-birth_year-middle_initial-gender-race-suffix_name                   54
star-first_name_NS-last_name_NS-appointed_date-birth_year-middle_initial-gender-current_unit                       53
star-first_name_NS-last_name_NS-appointed_date-birth_year-middle_initial-gender                                    18
star-first_name_NS-last_name_NS-appointed_date-birth_year-gender-race-suffix_name                                  14
star-first_name_NS-last_name_NS-appointed_date-birth_year-middle_initial-gender-suffix_name-current_unit            3
star-first_name_NS-last_name_NS-appointed_date-birth_year-middle_initial-gender-suffix_name                         1
star-first_name_NS-last_name_NS-appointed_date-birth_year-gender-current_unit                                       1
first_name_NS-last_name_NS-appointed_date-birth_year-middle_initial-gender-race-current_unit                        1
first_name_NS-last_name_NS-appointed_date-birth_year-gender-race-current_unit                                       1
Name: count, dtype: int64
