#
# A fatal error has been detected by the Java Runtime Environment:
#
#  SIGSEGV (0xb) at pc=0x000000010a917d98, pid=1849, tid=5643
#
# JRE version: Java(TM) SE Runtime Environment (8.0_31-b13) (build 1.8.0_31-b13)
# Java VM: Java HotSpot(TM) 64-Bit Server VM (25.31-b07 mixed mode bsd-amd64 compressed oops)
# Problematic frame:
# C  [Scintilla+0x2d98]  Scintilla::SurfaceImpl::InitPixMap(int, int, Scintilla::Surface*, void*)+0x190
#
# Failed to write core dump. Core dumps have been disabled. To enable core dumping, try "ulimit -c unlimited" before starting Java again
#
# If you would like to submit a bug report, please visit:
#   http://bugreport.java.com/bugreport/crash.jsp
# The crash happened outside the Java Virtual Machine in native code.
# See problematic frame for where to report the bug.
#

---------------  T H R E A D  ---------------

Current thread (0x00007ff2e129c000):  JavaThread "main" [_thread_in_native, id=5643, stack(0x00007fff57511000,0x00007fff57d11000)]

siginfo: si_signo: 11 (SIGSEGV), si_code: 1 (SEGV_MAPERR), si_addr: 0x0000000000000008

Registers:
RAX=0x0000000000000000, RBX=0x00007ff2e7ef9430, RCX=0x00007fff773df510, RDX=0x00007fff57d0d970
RSP=0x00007fff57d0da00, RBP=0x00007fff57d0dab0, RSI=0x00007ff2e7a06eb4, RDI=0x00007ff2e7a06e90
R8 =0x0000000000000c14, R9 =0x000000000000025f, R10=0x0000030500000400, R11=0x00007ff2e6c81050
R12=0x0000000000000305, R13=0x00007ff2e0d03260, R14=0x0000000000000000, R15=0x000000000000025f
RIP=0x000000010a917d98, EFLAGS=0x0000000000010202, ERR=0x0000000000000004
  TRAPNO=0x000000000000000e

Top of Stack: (sp=0x00007fff57d0da00)
0x00007fff57d0da00:   0000000000000000 0000000000000000
0x00007fff57d0da10:   4088280000000000 4082f80000000000
0x00007fff57d0da20:   00007fff57d0da50 4082f80000000000
0x00007fff57d0da30:   4088280000000000 0000000000000000
0x00007fff57d0da40:   0000000000000000 0000000000000000
0x00007fff57d0da50:   4088280000000000 4082f80000000000
0x00007fff57d0da60:   0000000000000000 0000000000000000
0x00007fff57d0da70:   4088280000000000 4082f80000000000
0x00007fff57d0da80:   000000010a9abd90 00000000000018ca
0x00007fff57d0da90:   00007ff2e7ef9430 00007ff2e77c6000
0x00007fff57d0daa0:   0000000000000000 00007ff2e8201e10
0x00007fff57d0dab0:   00007fff57d0dc30 000000010a92078f
0x00007fff57d0dac0:   00007fff57d0db60 00007fff96f42dcc
0x00007fff57d0dad0:   00007fff57d0db00 00007fff858354f3
0x00007fff57d0dae0:   00007fff57d0db20 00007ff2e79a0450
0x00007fff57d0daf0:   3f80000045061000 3f8000003f800000
0x00007fff57d0db00:   4325000044074288 0000000000000000
0x00007fff57d0db10:   4316000043bc5700 4325000044074288
0x00007fff57d0db20:   450610003f800000 0000000000000000
0x00007fff57d0db30:   452c000044418000 0000000000000000
0x00007fff57d0db40:   0000000000000000 0000000000000001
0x00007fff57d0db50:   000000000000fde9 0000000000000001
0x00007fff57d0db60:   00007fff57d0dc30 000000010a9513c1
0x00007fff57d0db70:   409f400000000000 00007ff2e77c6250
0x00007fff57d0db80:   40778ae000000000 4062c00000000000
0x00007fff57d0db90:   40648b8400000000 402e000000000000
0x00007fff57d0dba0:   4316000043bc5700 4325000044074288
0x00007fff57d0dbb0:   4c414954494e492a 524f47455441435f
0x00007fff57d0dbc0:   000045444f435f59 0000fde9e6fb0000
0x00007fff57d0dbd0:   4c41495400000001 524f47455441435f
0x00007fff57d0dbe0:   000045444f435f59 402e000000000000
0x00007fff57d0dbf0:   000000000000192a 00007ff2e77c6000 

Instructions: (pc=0x000000010a917d98)
0x000000010a917d78:   18 48 8b 45 a0 48 89 44 24 10 48 8b 45 90 48 8b
0x000000010a917d88:   4d 98 48 89 4c 24 08 48 89 04 24 e8 bc 55 06 00
0x000000010a917d98:   41 8a 46 08 88 43 08 41 8b 46 28 89 43 28 48 81
0x000000010a917da8:   c4 88 00 00 00 5b 41 5c 41 5d 41 5e 41 5f 5d c3 

Register to memory mapping:

RAX=0x0000000000000000 is an unknown value
RBX=0x00007ff2e7ef9430 is an unknown value
RCX=0x00007fff773df510: A8_depth+0 in /System/Library/Frameworks/CoreGraphics.framework/Versions/A/CoreGraphics at 0x00007fff93bff000
RDX=0x00007fff57d0d970 is pointing into the stack for thread: 0x00007ff2e129c000
RSP=0x00007fff57d0da00 is pointing into the stack for thread: 0x00007ff2e129c000
RBP=0x00007fff57d0dab0 is pointing into the stack for thread: 0x00007ff2e129c000
RSI=0x00007ff2e7a06eb4 is an unknown value
RDI=0x00007ff2e7a06e90 is an unknown value
R8 =0x0000000000000c14 is an unknown value
R9 =0x000000000000025f is an unknown value
R10=0x0000030500000400 is an unknown value
R11=0x00007ff2e6c81050 is an unknown value
R12=0x0000000000000305 is an unknown value
R13=0x00007ff2e0d03260 is an unknown value
R14=0x0000000000000000 is an unknown value
R15=0x000000000000025f is an unknown value


Stack: [0x00007fff57511000,0x00007fff57d11000],  sp=0x00007fff57d0da00,  free space=8178k
Native frames: (J=compiled Java code, j=interpreted, Vv=VM code, C=native code)
C  [Scintilla+0x2d98]  Scintilla::SurfaceImpl::InitPixMap(int, int, Scintilla::Surface*, void*)+0x190
C  [Scintilla+0xb78f]  Scintilla::ScintillaCocoa::StartDrag()+0x511
C  [Scintilla+0x47703]  Scintilla::Editor::ButtonMoveWithModifiers(Scintilla::Point, int)+0x149
C  [AppKit+0x816b15]  -[NSWindow _reallySendEvent:isDelayedEvent:]+0x83c
C  [AppKit+0x255539]  -[NSWindow sendEvent:]+0x205
C  [AppKit+0x1d5a38]  -[NSApplication sendEvent:]+0x9ec
C  [StataMP+0x2467ed]  icu_54::CollationIterator::nextCE(UErrorCode&)+0x9f9cd
C  [StataMP+0x246914]  icu_54::CollationIterator::nextCE(UErrorCode&)+0x9faf4
C  [StataMP+0x246cb6]  icu_54::CollationIterator::nextCE(UErrorCode&)+0x9fe96
C  [StataMP+0x9219b4]  icu_54::CollationIterator::nextCE(UErrorCode&)+0x77ab94
C  [StataMP+0x2f0fc8]  icu_54::CollationIterator::nextCE(UErrorCode&)+0x14a1a8
C  [StataMP+0x2f0def]  icu_54::CollationIterator::nextCE(UErrorCode&)+0x149fcf
C  [StataMP+0x877d46]  icu_54::CollationIterator::nextCE(UErrorCode&)+0x6d0f26
C  [StataMP+0x877b14]  icu_54::CollationIterator::nextCE(UErrorCode&)+0x6d0cf4
C  [StataMP+0x69098e]  icu_54::CollationIterator::nextCE(UErrorCode&)+0x4e9b6e
C  [StataMP+0x8b38c6]  icu_54::CollationIterator::nextCE(UErrorCode&)+0x70caa6
C  [StataMP+0x1d24]
[error occurred during error reporting (printing native stack), id 0xe0000000]


---------------  P R O C E S S  ---------------

Java Threads: ( => current thread )
  0x00007ff2e76ed000 JavaThread "Service Thread" daemon [_thread_blocked, id=69263, stack(0x0000700002059000,0x0000700002259000)]
  0x00007ff2e13b7800 JavaThread "C1 CompilerThread2" daemon [_thread_blocked, id=86367, stack(0x0000700001f56000,0x0000700002056000)]
  0x00007ff2e70cb000 JavaThread "C2 CompilerThread1" daemon [_thread_blocked, id=81759, stack(0x0000700001e53000,0x0000700001f53000)]
  0x00007ff2e19a7800 JavaThread "C2 CompilerThread0" daemon [_thread_blocked, id=89559, stack(0x0000700001d50000,0x0000700001e50000)]
  0x00007ff2e1e5e800 JavaThread "Signal Dispatcher" daemon [_thread_blocked, id=82435, stack(0x0000700001b4d000,0x0000700001d4d000)]
  0x00007ff2e75a1800 JavaThread "Surrogate Locker Thread (Concurrent GC)" daemon [_thread_blocked, id=93499, stack(0x000070000194a000,0x0000700001b4a000)]
  0x00007ff2e2032000 JavaThread "Finalizer" daemon [_thread_blocked, id=86587, stack(0x0000700001747000,0x0000700001947000)]
  0x00007ff2e2419800 JavaThread "Reference Handler" daemon [_thread_blocked, id=60383, stack(0x0000700001544000,0x0000700001744000)]
=>0x00007ff2e129c000 JavaThread "main" [_thread_in_native, id=5643, stack(0x00007fff57511000,0x00007fff57d11000)]

Other Threads:
  0x00007ff2e76cf800 VMThread [stack: 0x000070000019d000,0x000070000029d000] [id=78103]
  0x00007ff2e76d0800 WatcherThread [stack: 0x000070000225c000,0x000070000235c000] [id=10587]

VM state:not at safepoint (normal execution)

VM Mutex/Monitor currently owned by a thread: None

Heap:
 par new generation   total 4928K, used 2128K [0x00000007a8000000, 0x00000007a8550000, 0x00000007b0000000)
  eden space 4416K,  48% used [0x00000007a8000000, 0x00000007a82130c0, 0x00000007a8450000)
  from space 512K,   0% used [0x00000007a8450000, 0x00000007a8451020, 0x00000007a84d0000)
  to   space 512K,   0% used [0x00000007a84d0000, 0x00000007a84d0000, 0x00000007a8550000)
 concurrent mark-sweep generation total 10944K, used 9574K [0x00000007b0000000, 0x00000007b0ab0000, 0x00000007c0000000)
 Metaspace       used 3214K, capacity 4664K, committed 4864K, reserved 1056768K
  class space    used 334K, capacity 424K, committed 512K, reserved 1048576K

Card table byte_map: [0x00000001138be000,0x000000011397f000] byte_map_base: 0x000000010fb7e000

Marking Bits: (CMSBitMap*) 0x00007ff2e1e17948
 Bits: [0x0000000124207000, 0x0000000124607000)

Mod Union Table: (CMSBitMap*) 0x00007ff2e1e17a08
 Bits: [0x0000000110490000, 0x00000001104a0000)

Polling page: 0x000000010e824000

CodeCache: size=245760Kb used=2105Kb max_used=2105Kb free=243654Kb
 bounds [0x000000012e600000, 0x000000012e870000, 0x000000013d600000]
 total_blobs=559 nmethods=312 adapters=162
 compilation: enabled

Compilation events (10 events):
Event: 7236.742 Thread 0x00007ff2e19a7800  312 %     4       com.stata.csvparser.PreProcessInfo::initializeTrackingLists @ 61 (114 bytes)
Event: 7236.748 Thread 0x00007ff2e19a7800 nmethod 312% 0x000000012e80e650 code [0x000000012e80e800, 0x000000012e80ebf8]
Event: 7860.168 Thread 0x00007ff2e70cb000  313       4       com.stata.csvparser.PreProcessInfo::initializeTrackingLists (114 bytes)
Event: 7860.174 Thread 0x00007ff2e70cb000 nmethod 313 0x000000012e80b310 code [0x000000012e80b4c0, 0x000000012e80bba8]
Event: 7944.240 Thread 0x00007ff2e13b7800  315       3       java.io.UnixFileSystem::prefixLength (25 bytes)
Event: 7944.241 Thread 0x00007ff2e13b7800 nmethod 315 0x000000012e80f410 code [0x000000012e80f5a0, 0x000000012e80fa48]
Event: 8022.718 Thread 0x00007ff2e13b7800  316       3       java.lang.String::equalsIgnoreCase (48 bytes)
Event: 8022.719 Thread 0x00007ff2e13b7800 nmethod 316 0x000000012e80ee10 code [0x000000012e80efa0, 0x000000012e80f308]
Event: 8022.719 Thread 0x00007ff2e13b7800  317       1       com.stata.csvparser.CSVParser::getTokenizer (5 bytes)
Event: 8022.719 Thread 0x00007ff2e13b7800 nmethod 317 0x000000012e8053d0 code [0x000000012e805520, 0x000000012e805630]

GC Heap History (10 events):
Event: 9271.666 GC heap before
{Heap before GC invocations=18625 (full 1):
 par new generation   total 4928K, used 4493K [0x00000007a8000000, 0x00000007a8550000, 0x00000007b0000000)
  eden space 4416K, 100% used [0x00000007a8000000, 0x00000007a8450000, 0x00000007a8450000)
  from space 512K,  15% used [0x00000007a84d0000, 0x00000007a84e35a0, 0x00000007a8550000)
  to   space 512K,   0% used [0x00000007a8450000, 0x00000007a8450000, 0x00000007a84d0000)
 concurrent mark-sweep generation total 10944K, used 9502K [0x00000007b0000000, 0x00000007b0ab0000, 0x00000007c0000000)
 Metaspace       used 3214K, capacity 4664K, committed 4864K, reserved 1056768K
  class space    used 334K, capacity 424K, committed 512K, reserved 1048576K
Event: 9271.667 GC heap after
Heap after GC invocations=18626 (full 1):
 par new generation   total 4928K, used 9K [0x00000007a8000000, 0x00000007a8550000, 0x00000007b0000000)
  eden space 4416K,   0% used [0x00000007a8000000, 0x00000007a8000000, 0x00000007a8450000)
  from space 512K,   1% used [0x00000007a8450000, 0x00000007a8452478, 0x00000007a84d0000)
  to   space 512K,   0% used [0x00000007a84d0000, 0x00000007a84d0000, 0x00000007a8550000)
 concurrent mark-sweep generation total 10944K, used 9574K [0x00000007b0000000, 0x00000007b0ab0000, 0x00000007c0000000)
 Metaspace       used 3214K, capacity 4664K, committed 4864K, reserved 1056768K
  class space    used 334K, capacity 424K, committed 512K, reserved 1048576K
}
Event: 9271.675 GC heap before
{Heap before GC invocations=18626 (full 1):
 par new generation   total 4928K, used 4425K [0x00000007a8000000, 0x00000007a8550000, 0x00000007b0000000)
  eden space 4416K, 100% used [0x00000007a8000000, 0x00000007a8450000, 0x00000007a8450000)
  from space 512K,   1% used [0x00000007a8450000, 0x00000007a8452478, 0x00000007a84d0000)
  to   space 512K,   0% used [0x00000007a84d0000, 0x00000007a84d0000, 0x00000007a8550000)
 concurrent mark-sweep generation total 10944K, used 9574K [0x00000007b0000000, 0x00000007b0ab0000, 0x00000007c0000000)
 Metaspace       used 3214K, capacity 4664K, committed 4864K, reserved 1056768K
  class space    used 334K, capacity 424K, committed 512K, reserved 1048576K
Event: 9271.676 GC heap after
Heap after GC invocations=18627 (full 1):
 par new generation   total 4928K, used 8K [0x00000007a8000000, 0x00000007a8550000, 0x00000007b0000000)
  eden space 4416K,   0% used [0x00000007a8000000, 0x00000007a8000000, 0x00000007a8450000)
  from space 512K,   1% used [0x00000007a84d0000, 0x00000007a84d21d8, 0x00000007a8550000)
  to   space 512K,   0% used [0x00000007a8450000, 0x00000007a8450000, 0x00000007a84d0000)
 concurrent mark-sweep generation total 10944K, used 9574K [0x00000007b0000000, 0x00000007b0ab0000, 0x00000007c0000000)
 Metaspace       used 3214K, capacity 4664K, committed 4864K, reserved 1056768K
  class space    used 334K, capacity 424K, committed 512K, reserved 1048576K
}
Event: 9271.684 GC heap before
{Heap before GC invocations=18627 (full 1):
 par new generation   total 4928K, used 4416K [0x00000007a8000000, 0x00000007a8550000, 0x00000007b0000000)
  eden space 4416K,  99% used [0x00000007a8000000, 0x00000007a844df58, 0x00000007a8450000)
  from space 512K,   1% used [0x00000007a84d0000, 0x00000007a84d21d8, 0x00000007a8550000)
  to   space 512K,   0% used [0x00000007a8450000, 0x00000007a8450000, 0x00000007a84d0000)
 concurrent mark-sweep generation total 10944K, used 9574K [0x00000007b0000000, 0x00000007b0ab0000, 0x00000007c0000000)
 Metaspace       used 3214K, capacity 4664K, committed 4864K, reserved 1056768K
  class space    used 334K, capacity 424K, committed 512K, reserved 1048576K
Event: 9271.684 GC heap after
Heap after GC invocations=18628 (full 1):
 par new generation   total 4928K, used 20K [0x00000007a8000000, 0x00000007a8550000, 0x00000007b0000000)
  eden space 4416K,   0% used [0x00000007a8000000, 0x00000007a8000000, 0x00000007a8450000)
  from space 512K,   3% used [0x00000007a8450000, 0x00000007a8455048, 0x00000007a84d0000)
  to   space 512K,   0% used [0x00000007a84d0000, 0x00000007a84d0000, 0x00000007a8550000)
 concurrent mark-sweep generation total 10944K, used 9574K [0x00000007b0000000, 0x00000007b0ab0000, 0x00000007c0000000)
 Metaspace       used 3214K, capacity 4664K, committed 4864K, reserved 1056768K
  class space    used 334K, capacity 424K, committed 512K, reserved 1048576K
}
Event: 9271.702 GC heap before
{Heap before GC invocations=18628 (full 1):
 par new generation   total 4928K, used 4436K [0x00000007a8000000, 0x00000007a8550000, 0x00000007b0000000)
  eden space 4416K, 100% used [0x00000007a8000000, 0x00000007a8450000, 0x00000007a8450000)
  from space 512K,   3% used [0x00000007a8450000, 0x00000007a8455048, 0x00000007a84d0000)
  to   space 512K,   0% used [0x00000007a84d0000, 0x00000007a84d0000, 0x00000007a8550000)
 concurrent mark-sweep generation total 10944K, used 9574K [0x00000007b0000000, 0x00000007b0ab0000, 0x00000007c0000000)
 Metaspace       used 3214K, capacity 4664K, committed 4864K, reserved 1056768K
  class space    used 334K, capacity 424K, committed 512K, reserved 1048576K
Event: 9271.703 GC heap after
Heap after GC invocations=18629 (full 1):
 par new generation   total 4928K, used 3K [0x00000007a8000000, 0x00000007a8550000, 0x00000007b0000000)
  eden space 4416K,   0% used [0x00000007a8000000, 0x00000007a8000000, 0x00000007a8450000)
  from space 512K,   0% used [0x00000007a84d0000, 0x00000007a84d0e98, 0x00000007a8550000)
  to   space 512K,   0% used [0x00000007a8450000, 0x00000007a8450000, 0x00000007a84d0000)
 concurrent mark-sweep generation total 10944K, used 9574K [0x00000007b0000000, 0x00000007b0ab0000, 0x00000007c0000000)
 Metaspace       used 3214K, capacity 4664K, committed 4864K, reserved 1056768K
  class space    used 334K, capacity 424K, committed 512K, reserved 1048576K
}
Event: 9271.713 GC heap before
{Heap before GC invocations=18629 (full 1):
 par new generation   total 4928K, used 4419K [0x00000007a8000000, 0x00000007a8550000, 0x00000007b0000000)
  eden space 4416K, 100% used [0x00000007a8000000, 0x00000007a8450000, 0x00000007a8450000)
  from space 512K,   0% used [0x00000007a84d0000, 0x00000007a84d0e98, 0x00000007a8550000)
  to   space 512K,   0% used [0x00000007a8450000, 0x00000007a8450000, 0x00000007a84d0000)
 concurrent mark-sweep generation total 10944K, used 9574K [0x00000007b0000000, 0x00000007b0ab0000, 0x00000007c0000000)
 Metaspace       used 3214K, capacity 4664K, committed 4864K, reserved 1056768K
  class space    used 334K, capacity 424K, committed 512K, reserved 1048576K
Event: 9271.714 GC heap after
Heap after GC invocations=18630 (full 1):
 par new generation   total 4928K, used 4K [0x00000007a8000000, 0x00000007a8550000, 0x00000007b0000000)
  eden space 4416K,   0% used [0x00000007a8000000, 0x00000007a8000000, 0x00000007a8450000)
  from space 512K,   0% used [0x00000007a8450000, 0x00000007a8451020, 0x00000007a84d0000)
  to   space 512K,   0% used [0x00000007a84d0000, 0x00000007a84d0000, 0x00000007a8550000)
 concurrent mark-sweep generation total 10944K, used 9574K [0x00000007b0000000, 0x00000007b0ab0000, 0x00000007c0000000)
 Metaspace       used 3214K, capacity 4664K, committed 4864K, reserved 1056768K
  class space    used 334K, capacity 424K, committed 512K, reserved 1048576K
}

Deoptimization events (0 events):
No events

Internal exceptions (10 events):
Event: 0.292 Thread 0x00007ff2e129c000 Exception <a 'java/security/PrivilegedActionException'> (0x00000007a8164c50) thrown at [/Users/java_re/workspace/8-2-build-macosx-x86_64/jdk8u31/2394/hotspot/src/share/vm/prims/jvm.cpp, line 1312]
Event: 0.293 Thread 0x00007ff2e129c000 Exception <a 'java/security/PrivilegedActionException'> (0x00000007a8169398) thrown at [/Users/java_re/workspace/8-2-build-macosx-x86_64/jdk8u31/2394/hotspot/src/share/vm/prims/jvm.cpp, line 1312]
Event: 0.294 Thread 0x00007ff2e129c000 Exception <a 'java/security/PrivilegedActionException'> (0x00000007a816e3c0) thrown at [/Users/java_re/workspace/8-2-build-macosx-x86_64/jdk8u31/2394/hotspot/src/share/vm/prims/jvm.cpp, line 1312]
Event: 0.297 Thread 0x00007ff2e129c000 Exception <a 'java/security/PrivilegedActionException'> (0x00000007a8177e98) thrown at [/Users/java_re/workspace/8-2-build-macosx-x86_64/jdk8u31/2394/hotspot/src/share/vm/prims/jvm.cpp, line 1312]
Event: 0.298 Thread 0x00007ff2e129c000 Exception <a 'java/security/PrivilegedActionException'> (0x00000007a8184c28) thrown at [/Users/java_re/workspace/8-2-build-macosx-x86_64/jdk8u31/2394/hotspot/src/share/vm/prims/jvm.cpp, line 1312]
Event: 0.300 Thread 0x00007ff2e129c000 Exception <a 'java/security/PrivilegedActionException'> (0x00000007a818ccb0) thrown at [/Users/java_re/workspace/8-2-build-macosx-x86_64/jdk8u31/2394/hotspot/src/share/vm/prims/jvm.cpp, line 1312]
Event: 0.301 Thread 0x00007ff2e129c000 Exception <a 'java/security/PrivilegedActionException'> (0x00000007a8199678) thrown at [/Users/java_re/workspace/8-2-build-macosx-x86_64/jdk8u31/2394/hotspot/src/share/vm/prims/jvm.cpp, line 1312]
Event: 0.302 Thread 0x00007ff2e129c000 Exception <a 'java/security/PrivilegedActionException'> (0x00000007a81a0c68) thrown at [/Users/java_re/workspace/8-2-build-macosx-x86_64/jdk8u31/2394/hotspot/src/share/vm/prims/jvm.cpp, line 1312]
Event: 0.303 Thread 0x00007ff2e129c000 Exception <a 'java/security/PrivilegedActionException'> (0x00000007a81a8c30) thrown at [/Users/java_re/workspace/8-2-build-macosx-x86_64/jdk8u31/2394/hotspot/src/share/vm/prims/jvm.cpp, line 1312]
Event: 4305.881 Thread 0x00007ff2e129c000 Exception <a 'java/security/PrivilegedActionException'> (0x00000007a812c190) thrown at [/Users/java_re/workspace/8-2-build-macosx-x86_64/jdk8u31/2394/hotspot/src/share/vm/prims/jvm.cpp, line 1312]

Events (10 events):
Event: 9271.666 Executing VM operation: GenCollectForAllocation
Event: 9271.667 Executing VM operation: GenCollectForAllocation done
Event: 9271.675 Executing VM operation: GenCollectForAllocation
Event: 9271.676 Executing VM operation: GenCollectForAllocation done
Event: 9271.684 Executing VM operation: GenCollectForAllocation
Event: 9271.684 Executing VM operation: GenCollectForAllocation done
Event: 9271.702 Executing VM operation: GenCollectForAllocation
Event: 9271.703 Executing VM operation: GenCollectForAllocation done
Event: 9271.713 Executing VM operation: GenCollectForAllocation
Event: 9271.714 Executing VM operation: GenCollectForAllocation done


Dynamic libraries:
0x0000000004570000 	/System/Library/Frameworks/ApplicationServices.framework/Versions/A/ApplicationServices
0x0000000004570000 	/System/Library/Frameworks/Cocoa.framework/Versions/A/Cocoa
0x0000000004570000 	/System/Library/Frameworks/QuartzCore.framework/Versions/A/QuartzCore
0x0000000004570000 	/System/Library/Frameworks/Security.framework/Versions/A/Security
0x0000000004570000 	/System/Library/Frameworks/SecurityFoundation.framework/Versions/A/SecurityFoundation
0x0000000004570000 	/System/Library/Frameworks/SystemConfiguration.framework/Versions/A/SystemConfiguration
0x0000000004570000 	/usr/lib/libstdc++.6.dylib
0x000000010a915000 	/Users/bocarba/Desktop/Stats Software/Stata/StataMP.app/Contents/Frameworks/Scintilla.framework/Versions/A/Scintilla
0x0000000004570000 	/usr/lib/libc++.1.dylib
0x0000000004570000 	/usr/lib/libSystem.B.dylib
0x0000000004570000 	/System/Library/Frameworks/AppKit.framework/Versions/C/AppKit
0x0000000004570000 	/System/Library/Frameworks/CoreFoundation.framework/Versions/A/CoreFoundation
0x0000000004570000 	/System/Library/Frameworks/CoreServices.framework/Versions/A/CoreServices
0x0000000004570000 	/System/Library/Frameworks/Foundation.framework/Versions/C/Foundation
0x0000000004570000 	/usr/lib/libobjc.A.dylib
0x0000000004570000 	/System/Library/Frameworks/CoreGraphics.framework/Versions/A/CoreGraphics
0x0000000004570000 	/System/Library/Frameworks/CoreText.framework/Versions/A/CoreText
0x0000000004570000 	/System/Library/Frameworks/ImageIO.framework/Versions/A/ImageIO
0x0000000004570000 	/System/Library/Frameworks/ApplicationServices.framework/Versions/A/Frameworks/ATS.framework/Versions/A/ATS
0x0000000004570000 	/System/Library/Frameworks/ApplicationServices.framework/Versions/A/Frameworks/ColorSync.framework/Versions/A/ColorSync
0x0000000004570000 	/System/Library/Frameworks/ApplicationServices.framework/Versions/A/Frameworks/HIServices.framework/Versions/A/HIServices
0x0000000004570000 	/System/Library/Frameworks/ApplicationServices.framework/Versions/A/Frameworks/LangAnalysis.framework/Versions/A/LangAnalysis
0x0000000004570000 	/System/Library/Frameworks/ApplicationServices.framework/Versions/A/Frameworks/PrintCore.framework/Versions/A/PrintCore
0x0000000004570000 	/System/Library/Frameworks/ApplicationServices.framework/Versions/A/Frameworks/QD.framework/Versions/A/QD
0x0000000004570000 	/System/Library/Frameworks/ApplicationServices.framework/Versions/A/Frameworks/SpeechSynthesis.framework/Versions/A/SpeechSynthesis
0x0000000004570000 	/usr/lib/libz.1.dylib
0x0000000004570000 	/usr/lib/libbsm.0.dylib
0x0000000004570000 	/System/Library/Frameworks/IOKit.framework/Versions/A/IOKit
0x0000000004570000 	/System/Library/Frameworks/IOSurface.framework/Versions/A/IOSurface
0x0000000004570000 	/System/Library/Frameworks/CFNetwork.framework/Versions/A/CFNetwork
0x0000000004570000 	/System/Library/Frameworks/Accelerate.framework/Versions/A/Accelerate
0x0000000004570000 	/System/Library/PrivateFrameworks/MultitouchSupport.framework/Versions/A/MultitouchSupport
0x0000000004570000 	/System/Library/Frameworks/Metal.framework/Versions/A/Metal
0x0000000004570000 	/usr/lib/system/libcache.dylib
0x0000000004570000 	/usr/lib/system/libcommonCrypto.dylib
0x0000000004570000 	/usr/lib/system/libcompiler_rt.dylib
0x0000000004570000 	/usr/lib/system/libcopyfile.dylib
0x0000000004570000 	/usr/lib/system/libcorecrypto.dylib
0x0000000004570000 	/usr/lib/system/libdispatch.dylib
0x0000000004570000 	/usr/lib/system/libdyld.dylib
0x0000000004570000 	/usr/lib/system/libkeymgr.dylib
0x0000000004570000 	/usr/lib/system/liblaunch.dylib
0x0000000004570000 	/usr/lib/system/libmacho.dylib
0x0000000004570000 	/usr/lib/system/libquarantine.dylib
0x0000000004570000 	/usr/lib/system/libremovefile.dylib
0x0000000004570000 	/usr/lib/system/libsystem_asl.dylib
0x0000000004570000 	/usr/lib/system/libsystem_blocks.dylib
0x0000000004570000 	/usr/lib/system/libsystem_c.dylib
0x0000000004570000 	/usr/lib/system/libsystem_configuration.dylib
0x0000000004570000 	/usr/lib/system/libsystem_coreservices.dylib
0x0000000004570000 	/usr/lib/system/libsystem_coretls.dylib
0x0000000004570000 	/usr/lib/system/libsystem_dnssd.dylib
0x0000000004570000 	/usr/lib/system/libsystem_info.dylib
0x0000000004570000 	/usr/lib/system/libsystem_kernel.dylib
0x0000000004570000 	/usr/lib/system/libsystem_m.dylib
0x0000000004570000 	/usr/lib/system/libsystem_malloc.dylib
0x0000000004570000 	/usr/lib/system/libsystem_network.dylib
0x0000000004570000 	/usr/lib/system/libsystem_networkextension.dylib
0x0000000004570000 	/usr/lib/system/libsystem_notify.dylib
0x0000000004570000 	/usr/lib/system/libsystem_platform.dylib
0x0000000004570000 	/usr/lib/system/libsystem_pthread.dylib
0x0000000004570000 	/usr/lib/system/libsystem_sandbox.dylib
0x0000000004570000 	/usr/lib/system/libsystem_secinit.dylib
0x0000000004570000 	/usr/lib/system/libsystem_trace.dylib
0x0000000004570000 	/usr/lib/system/libunc.dylib
0x0000000004570000 	/usr/lib/system/libunwind.dylib
0x0000000004570000 	/usr/lib/system/libxpc.dylib
0x0000000004570000 	/usr/lib/libauto.dylib
0x0000000004570000 	/usr/lib/libc++abi.dylib
0x0000000004570000 	/usr/lib/libDiagnosticMessagesClient.dylib
0x0000000004570000 	/usr/lib/libenergytrace.dylib
0x0000000004570000 	/usr/lib/system/libkxld.dylib
0x0000000004570000 	/usr/lib/libicucore.A.dylib
0x0000000004570000 	/usr/lib/libsqlite3.dylib
0x0000000004570000 	/usr/lib/libxml2.2.dylib
0x0000000004570000 	/usr/lib/libxar.1.dylib
0x0000000004570000 	/usr/lib/libpam.2.dylib
0x0000000004570000 	/usr/lib/libOpenScriptingUtil.dylib
0x0000000004570000 	/usr/lib/libbz2.1.0.dylib
0x0000000004570000 	/System/Library/Frameworks/CoreServices.framework/Versions/A/Frameworks/FSEvents.framework/Versions/A/FSEvents
0x0000000004570000 	/System/Library/Frameworks/CoreServices.framework/Versions/A/Frameworks/CarbonCore.framework/Versions/A/CarbonCore
0x0000000004570000 	/System/Library/Frameworks/CoreServices.framework/Versions/A/Frameworks/Metadata.framework/Versions/A/Metadata
0x0000000004570000 	/System/Library/Frameworks/CoreServices.framework/Versions/A/Frameworks/OSServices.framework/Versions/A/OSServices
0x0000000004570000 	/System/Library/Frameworks/CoreServices.framework/Versions/A/Frameworks/SearchKit.framework/Versions/A/SearchKit
0x0000000004570000 	/System/Library/Frameworks/CoreServices.framework/Versions/A/Frameworks/AE.framework/Versions/A/AE
0x0000000004570000 	/System/Library/Frameworks/CoreServices.framework/Versions/A/Frameworks/LaunchServices.framework/Versions/A/LaunchServices
0x0000000004570000 	/System/Library/Frameworks/CoreServices.framework/Versions/A/Frameworks/DictionaryServices.framework/Versions/A/DictionaryServices
0x0000000004570000 	/System/Library/Frameworks/CoreServices.framework/Versions/A/Frameworks/SharedFileList.framework/Versions/A/SharedFileList
0x0000000004570000 	/System/Library/Frameworks/DiskArbitration.framework/Versions/A/DiskArbitration
0x0000000004570000 	/System/Library/Frameworks/NetFS.framework/Versions/A/NetFS
0x0000000004570000 	/System/Library/PrivateFrameworks/NetAuth.framework/Versions/A/NetAuth
0x0000000004570000 	/System/Library/PrivateFrameworks/login.framework/Versions/A/Frameworks/loginsupport.framework/Versions/A/loginsupport
0x0000000004570000 	/System/Library/PrivateFrameworks/TCC.framework/Versions/A/TCC
0x0000000004570000 	/usr/lib/libmecabra.dylib
0x0000000004570000 	/System/Library/PrivateFrameworks/LanguageModeling.framework/Versions/A/LanguageModeling
0x0000000004570000 	/usr/lib/libmarisa.dylib
0x0000000004570000 	/usr/lib/libChineseTokenizer.dylib
0x0000000004570000 	/usr/lib/libcmph.dylib
0x0000000004570000 	/usr/lib/libiconv.2.dylib
0x0000000004570000 	/System/Library/Frameworks/CoreData.framework/Versions/A/CoreData
0x0000000004570000 	/usr/lib/libCRFSuite.dylib
0x0000000004570000 	/usr/lib/libextension.dylib
0x0000000004570000 	/usr/lib/libarchive.2.dylib
0x0000000004570000 	/usr/lib/liblangid.dylib
0x0000000004570000 	/usr/lib/liblzma.5.dylib
0x0000000004570000 	/usr/lib/libcompression.dylib
0x0000000004570000 	/System/Library/Frameworks/OpenDirectory.framework/Versions/A/Frameworks/CFOpenDirectory.framework/Versions/A/CFOpenDirectory
0x0000000004570000 	/System/Library/Frameworks/ServiceManagement.framework/Versions/A/ServiceManagement
0x0000000004570000 	/usr/lib/libxslt.1.dylib
0x0000000004570000 	/System/Library/Frameworks/Accelerate.framework/Versions/A/Frameworks/vImage.framework/Versions/A/vImage
0x0000000004570000 	/System/Library/Frameworks/Accelerate.framework/Versions/A/Frameworks/vecLib.framework/Versions/A/vecLib
0x0000000004570000 	/System/Library/Frameworks/Accelerate.framework/Versions/A/Frameworks/vecLib.framework/Versions/A/libvDSP.dylib
0x0000000004570000 	/System/Library/Frameworks/Accelerate.framework/Versions/A/Frameworks/vecLib.framework/Versions/A/libvMisc.dylib
0x0000000004570000 	/System/Library/Frameworks/Accelerate.framework/Versions/A/Frameworks/vecLib.framework/Versions/A/libLAPACK.dylib
0x0000000004570000 	/System/Library/Frameworks/Accelerate.framework/Versions/A/Frameworks/vecLib.framework/Versions/A/libBLAS.dylib
0x0000000004570000 	/System/Library/Frameworks/Accelerate.framework/Versions/A/Frameworks/vecLib.framework/Versions/A/libLinearAlgebra.dylib
0x0000000004570000 	/System/Library/Frameworks/Accelerate.framework/Versions/A/Frameworks/vecLib.framework/Versions/A/libSparseBLAS.dylib
0x0000000004570000 	/System/Library/PrivateFrameworks/GPUCompiler.framework/libmetal_timestamp.dylib
0x0000000004570000 	/System/Library/Frameworks/OpenGL.framework/Versions/A/Libraries/libCoreFSCache.dylib
0x0000000004570000 	/System/Library/PrivateFrameworks/IOAccelerator.framework/Versions/A/IOAccelerator
0x0000000004570000 	/System/Library/Frameworks/ApplicationServices.framework/Versions/A/Frameworks/ATS.framework/Versions/A/Resources/libFontParser.dylib
0x0000000004570000 	/System/Library/Frameworks/ApplicationServices.framework/Versions/A/Frameworks/ATS.framework/Versions/A/Resources/libFontRegistry.dylib
0x0000000004570000 	/System/Library/PrivateFrameworks/AppleVPA.framework/Versions/A/AppleVPA
0x0000000004570000 	/System/Library/PrivateFrameworks/AppleJPEG.framework/Versions/A/AppleJPEG
0x0000000004570000 	/System/Library/Frameworks/ImageIO.framework/Versions/A/Resources/libJPEG.dylib
0x0000000004570000 	/System/Library/Frameworks/ImageIO.framework/Versions/A/Resources/libTIFF.dylib
0x0000000004570000 	/System/Library/Frameworks/ImageIO.framework/Versions/A/Resources/libPng.dylib
0x0000000004570000 	/System/Library/Frameworks/ImageIO.framework/Versions/A/Resources/libGIF.dylib
0x0000000004570000 	/System/Library/Frameworks/ImageIO.framework/Versions/A/Resources/libJP2.dylib
0x0000000004570000 	/System/Library/Frameworks/ImageIO.framework/Versions/A/Resources/libRadiance.dylib
0x0000000004570000 	/System/Library/Frameworks/OpenGL.framework/Versions/A/OpenGL
0x0000000004570000 	/System/Library/Frameworks/CoreVideo.framework/Versions/A/CoreVideo
0x0000000004570000 	/System/Library/Frameworks/OpenGL.framework/Versions/A/Libraries/libGLU.dylib
0x0000000004570000 	/System/Library/Frameworks/OpenGL.framework/Versions/A/Libraries/libGFXShared.dylib
0x0000000004570000 	/System/Library/Frameworks/OpenGL.framework/Versions/A/Libraries/libGL.dylib
0x0000000004570000 	/System/Library/Frameworks/OpenGL.framework/Versions/A/Libraries/libGLImage.dylib
0x0000000004570000 	/System/Library/Frameworks/OpenGL.framework/Versions/A/Libraries/libCVMSPluginSupport.dylib
0x0000000004570000 	/System/Library/Frameworks/OpenGL.framework/Versions/A/Libraries/libCoreVMClient.dylib
0x0000000004570000 	/usr/lib/libcups.2.dylib
0x0000000004570000 	/System/Library/Frameworks/Kerberos.framework/Versions/A/Kerberos
0x0000000004570000 	/System/Library/Frameworks/GSS.framework/Versions/A/GSS
0x0000000004570000 	/usr/lib/libresolv.9.dylib
0x0000000004570000 	/System/Library/PrivateFrameworks/Heimdal.framework/Versions/A/Heimdal
0x0000000004570000 	/usr/lib/libheimdal-asn1.dylib
0x0000000004570000 	/System/Library/Frameworks/OpenDirectory.framework/Versions/A/OpenDirectory
0x0000000004570000 	/System/Library/PrivateFrameworks/CommonAuth.framework/Versions/A/CommonAuth
0x0000000004570000 	/System/Library/Frameworks/CoreAudio.framework/Versions/A/CoreAudio
0x0000000004570000 	/System/Library/Frameworks/AudioToolbox.framework/Versions/A/AudioToolbox
0x0000000004570000 	/System/Library/PrivateFrameworks/RemoteViewServices.framework/Versions/A/RemoteViewServices
0x0000000004570000 	/System/Library/PrivateFrameworks/UIFoundation.framework/Versions/A/UIFoundation
0x0000000004570000 	/usr/lib/libScreenReader.dylib
0x0000000004570000 	/System/Library/Frameworks/AudioUnit.framework/Versions/A/AudioUnit
0x0000000004570000 	/System/Library/PrivateFrameworks/DataDetectorsCore.framework/Versions/A/DataDetectorsCore
0x0000000004570000 	/System/Library/PrivateFrameworks/DesktopServicesPriv.framework/Versions/A/DesktopServicesPriv
0x0000000004570000 	/System/Library/Frameworks/Carbon.framework/Versions/A/Frameworks/HIToolbox.framework/Versions/A/HIToolbox
0x0000000004570000 	/System/Library/Frameworks/Carbon.framework/Versions/A/Frameworks/SpeechRecognition.framework/Versions/A/SpeechRecognition
0x0000000004570000 	/System/Library/PrivateFrameworks/CoreUI.framework/Versions/A/CoreUI
0x0000000004570000 	/System/Library/PrivateFrameworks/PerformanceAnalysis.framework/Versions/A/PerformanceAnalysis
0x0000000004570000 	/System/Library/PrivateFrameworks/GenerationalStorage.framework/Versions/A/GenerationalStorage
0x0000000004570000 	/System/Library/PrivateFrameworks/Sharing.framework/Versions/A/Sharing
0x0000000004570000 	/System/Library/Frameworks/CoreImage.framework/Versions/A/CoreImage
0x0000000004570000 	/System/Library/PrivateFrameworks/Backup.framework/Versions/A/Backup
0x0000000004570000 	/System/Library/Frameworks/Carbon.framework/Versions/A/Frameworks/Ink.framework/Versions/A/Ink
0x0000000004570000 	/usr/lib/libFosl_dynamic.dylib
0x0000000004570000 	/System/Library/PrivateFrameworks/FaceCore.framework/Versions/A/FaceCore
0x0000000004570000 	/System/Library/Frameworks/OpenCL.framework/Versions/A/OpenCL
0x0000000004570000 	/System/Library/PrivateFrameworks/CrashReporterSupport.framework/Versions/A/CrashReporterSupport
0x0000000004570000 	/System/Library/PrivateFrameworks/IconServices.framework/Versions/A/IconServices
0x0000000004570000 	/System/Library/PrivateFrameworks/Apple80211.framework/Versions/A/Apple80211
0x0000000004570000 	/System/Library/Frameworks/CoreWLAN.framework/Versions/A/CoreWLAN
0x0000000004570000 	/System/Library/Frameworks/IOBluetooth.framework/Versions/A/IOBluetooth
0x0000000004570000 	/System/Library/PrivateFrameworks/CoreWiFi.framework/Versions/A/CoreWiFi
0x0000000004570000 	/System/Library/Frameworks/CoreBluetooth.framework/Versions/A/CoreBluetooth
0x0000000004570000 	/System/Library/PrivateFrameworks/ChunkingLibrary.framework/Versions/A/ChunkingLibrary
0x0000000004570000 	/System/Library/PrivateFrameworks/DebugSymbols.framework/Versions/A/DebugSymbols
0x0000000004570000 	/System/Library/PrivateFrameworks/CoreSymbolication.framework/Versions/A/CoreSymbolication
0x0000000004570000 	/System/Library/PrivateFrameworks/Symbolication.framework/Versions/A/Symbolication
0x0000000004570000 	/System/Library/PrivateFrameworks/SpeechRecognitionCore.framework/Versions/A/SpeechRecognitionCore
0x0000000004570000 	/System/Library/PrivateFrameworks/CoreServicesInternal.framework/Versions/A/CoreServicesInternal
0x0000000004570000 	/System/Library/CoreServices/RawCamera.bundle/Contents/MacOS/RawCamera
0x0000000004570000 	/System/Library/Frameworks/CoreGraphics.framework/Versions/A/Resources/libCGXType.A.dylib
0x0000000004570000 	/System/Library/Frameworks/CoreGraphics.framework/Versions/A/Resources/libRIP.A.dylib
0x0000000004570000 	/System/Library/Frameworks/Accelerate.framework/Versions/A/Frameworks/vImage.framework/Versions/A/Libraries/libCGInterfaces.dylib
0x0000000004570000 	/System/Library/Frameworks/OpenCL.framework/Versions/A/Libraries/libcldcpuengine.dylib
0x0000000004570000 	/System/Library/PrivateFrameworks/DiskImages.framework/Versions/A/DiskImages
0x0000000004570000 	/System/Library/Frameworks/DiscRecording.framework/Versions/A/DiscRecording
0x0000000004570000 	/usr/lib/libcsfde.dylib
0x0000000004570000 	/usr/lib/libcurl.4.dylib
0x0000000004570000 	/System/Library/PrivateFrameworks/MediaKit.framework/Versions/A/MediaKit
0x0000000004570000 	/System/Library/PrivateFrameworks/ProtectedCloudStorage.framework/Versions/A/ProtectedCloudStorage
0x0000000004570000 	/usr/lib/libCoreStorage.dylib
0x0000000004570000 	/System/Library/PrivateFrameworks/EFILogin.framework/Versions/A/EFILogin
0x0000000004570000 	/usr/lib/libutil.dylib
0x0000000004570000 	/System/Library/PrivateFrameworks/FindMyDevice.framework/Versions/A/FindMyDevice
0x0000000004570000 	/System/Library/Frameworks/LDAP.framework/Versions/A/LDAP
0x0000000004570000 	/usr/lib/libsasl2.2.dylib
0x0000000004570000 	/System/Library/PrivateFrameworks/CoreDaemon.framework/Versions/B/CoreDaemon
0x0000000004570000 	/usr/lib/libcrypto.0.9.8.dylib
0x0000000004570000 	/System/Library/PrivateFrameworks/AppleSRP.framework/Versions/A/AppleSRP
0x0000000004570000 	/System/Library/PrivateFrameworks/TrustEvaluationAgent.framework/Versions/A/TrustEvaluationAgent
0x000000010e34c000 	cl_kernels
0x0000000004570000 	/System/Library/Frameworks/OpenCL.framework/Versions/A/Libraries/ImageFormats/unorm8_bgra.dylib
0x0000000004570000 	/System/Library/Frameworks/OpenCL.framework/Versions/A/Libraries/ImageFormats/unorm8_rgba.dylib
0x0000000004570000 	/System/Library/PrivateFrameworks/CloudDocs.framework/Versions/A/CloudDocs
0x0000000004570000 	/System/Library/PrivateFrameworks/CoreDuet.framework/Versions/A/CoreDuet
0x0000000004570000 	/System/Library/Frameworks/CloudKit.framework/Versions/A/CloudKit
0x0000000004570000 	/System/Library/PrivateFrameworks/ProtocolBuffer.framework/Versions/A/ProtocolBuffer
0x0000000004570000 	/System/Library/PrivateFrameworks/CoreDuetDaemonProtocol.framework/Versions/A/CoreDuetDaemonProtocol
0x0000000004570000 	/System/Library/PrivateFrameworks/CoreDuetDebugLogging.framework/Versions/A/CoreDuetDebugLogging
0x0000000004570000 	/System/Library/PrivateFrameworks/MMCS.framework/Versions/A/MMCS
0x0000000004570000 	/System/Library/Frameworks/CoreLocation.framework/Versions/A/CoreLocation
0x0000000004570000 	/System/Library/PrivateFrameworks/AssetCacheServices.framework/Versions/A/AssetCacheServices
0x0000000004570000 	/System/Library/PrivateFrameworks/GeoServices.framework/Versions/A/GeoServices
0x0000000004570000 	/System/Library/Frameworks/CoreGraphics.framework/Versions/A/Resources/libCGXCoreImage.A.dylib
0x00000001165c2000 	cl_kernels
0x0000000116616000 	cl_kernels
0x0000000116275000 	cl_kernels
0x0000000004570000 	/System/Library/Frameworks/Quartz.framework/Versions/A/Quartz
0x0000000004570000 	/System/Library/Frameworks/Quartz.framework/Versions/A/Frameworks/QuartzComposer.framework/Versions/A/QuartzComposer
0x0000000004570000 	/System/Library/Frameworks/Quartz.framework/Versions/A/Frameworks/PDFKit.framework/Versions/A/PDFKit
0x0000000004570000 	/System/Library/Frameworks/Quartz.framework/Versions/A/Frameworks/QuartzFilters.framework/Versions/A/QuartzFilters
0x0000000004570000 	/System/Library/Frameworks/Quartz.framework/Versions/A/Frameworks/ImageKit.framework/Versions/A/ImageKit
0x0000000004570000 	/System/Library/Frameworks/Quartz.framework/Versions/A/Frameworks/QuickLookUI.framework/Versions/A/QuickLookUI
0x0000000004570000 	/System/Library/Frameworks/JavaScriptCore.framework/Versions/A/JavaScriptCore
0x0000000004570000 	/System/Library/Frameworks/QTKit.framework/Versions/A/QTKit
0x0000000004570000 	/System/Library/PrivateFrameworks/AppleSystemInfo.framework/Versions/A/AppleSystemInfo
0x0000000004570000 	/System/Library/Frameworks/AVFoundation.framework/Versions/A/AVFoundation
0x0000000004570000 	/System/Library/Frameworks/CoreMedia.framework/Versions/A/CoreMedia
0x0000000004570000 	/System/Library/Frameworks/MediaToolbox.framework/Versions/A/MediaToolbox
0x0000000004570000 	/System/Library/Frameworks/VideoToolbox.framework/Versions/A/VideoToolbox
0x0000000004570000 	/System/Library/Frameworks/Carbon.framework/Versions/A/Carbon
0x0000000004570000 	/System/Library/PrivateFrameworks/CoreMediaAuthoring.framework/Versions/A/CoreMediaAuthoring
0x0000000004570000 	/System/Library/Frameworks/CoreMediaIO.framework/Versions/A/CoreMediaIO
0x0000000004570000 	/System/Library/Frameworks/AVFoundation.framework/Versions/A/Resources/libAVFAudio.dylib
0x0000000004570000 	/usr/lib/libspindump.dylib
0x0000000004570000 	/System/Library/PrivateFrameworks/CoreAVCHD.framework/Versions/A/CoreAVCHD
0x0000000004570000 	/System/Library/Frameworks/MediaAccessibility.framework/Versions/A/MediaAccessibility
0x0000000004570000 	/System/Library/PrivateFrameworks/Mangrove.framework/Versions/A/Mangrove
0x0000000004570000 	/System/Library/PrivateFrameworks/CoreAUC.framework/Versions/A/CoreAUC
0x0000000004570000 	/System/Library/PrivateFrameworks/AppleVA.framework/Versions/A/AppleVA
0x0000000004570000 	/System/Library/PrivateFrameworks/XPCService.framework/Versions/A/XPCService
0x0000000004570000 	/System/Library/PrivateFrameworks/AppSandbox.framework/Versions/A/AppSandbox
0x0000000004570000 	/usr/lib/libsandbox.1.dylib
0x0000000004570000 	/System/Library/PrivateFrameworks/AppContainer.framework/Versions/A/AppContainer
0x0000000004570000 	/System/Library/PrivateFrameworks/SecCodeWrapper.framework/Versions/A/SecCodeWrapper
0x0000000004570000 	/usr/lib/libMatch.1.dylib
0x0000000004570000 	/System/Library/Frameworks/Carbon.framework/Versions/A/Frameworks/CommonPanels.framework/Versions/A/CommonPanels
0x0000000004570000 	/System/Library/Frameworks/Carbon.framework/Versions/A/Frameworks/Help.framework/Versions/A/Help
0x0000000004570000 	/System/Library/Frameworks/Carbon.framework/Versions/A/Frameworks/ImageCapture.framework/Versions/A/ImageCapture
0x0000000004570000 	/System/Library/Frameworks/Carbon.framework/Versions/A/Frameworks/OpenScripting.framework/Versions/A/OpenScripting
0x0000000004570000 	/System/Library/Frameworks/Carbon.framework/Versions/A/Frameworks/Print.framework/Versions/A/Print
0x0000000004570000 	/System/Library/Frameworks/Carbon.framework/Versions/A/Frameworks/SecurityHI.framework/Versions/A/SecurityHI
0x0000000004570000 	/System/Library/PrivateFrameworks/CorePDF.framework/Versions/A/CorePDF
0x0000000004570000 	/System/Library/Frameworks/QuickLook.framework/Versions/A/QuickLook
0x0000000004570000 	/System/Library/PrivateFrameworks/DisplayServices.framework/Versions/A/DisplayServices
0x0000000004570000 	/System/Library/Frameworks/ImageCaptureCore.framework/Versions/A/ImageCaptureCore
0x0000000004570000 	/System/Library/PrivateFrameworks/SafariServices.framework/Versions/A/SafariServices
0x0000000004570000 	/System/Library/PrivateFrameworks/Shortcut.framework/Versions/A/Shortcut
0x0000000004570000 	/System/Library/PrivateFrameworks/HelpData.framework/Versions/A/HelpData
0x0000000004570000 	/usr/lib/libtidy.A.dylib
0x0000000004570000 	/System/Library/Frameworks/ApplicationServices.framework/Versions/A/Frameworks/ATS.framework/Versions/A/Resources/libTrueTypeScaler.dylib
0x000000010e827000 	/usr/lib/libgermantok.dylib
0x0000000004570000 	/System/Library/PrivateFrameworks/DataDetectors.framework/Versions/A/DataDetectors
0x0000000004570000 	/System/Library/Frameworks/AddressBook.framework/Versions/A/AddressBook
0x0000000004570000 	/System/Library/Frameworks/WebKit.framework/Versions/A/WebKit
0x0000000004570000 	/System/Library/PrivateFrameworks/ContactsPersistence.framework/Versions/A/ContactsPersistence
0x0000000004570000 	/System/Library/PrivateFrameworks/ContactsFoundation.framework/Versions/A/ContactsFoundation
0x0000000004570000 	/System/Library/PrivateFrameworks/vCard.framework/Versions/A/vCard
0x0000000004570000 	/System/Library/PrivateFrameworks/IntlPreferences.framework/Versions/A/IntlPreferences
0x0000000004570000 	/System/Library/PrivateFrameworks/ToneLibrary.framework/Versions/A/ToneLibrary
0x0000000004570000 	/System/Library/PrivateFrameworks/ToneKit.framework/Versions/A/ToneKit
0x0000000004570000 	/System/Library/PrivateFrameworks/ApplePushService.framework/Versions/A/ApplePushService
0x0000000004570000 	/System/Library/Frameworks/DirectoryService.framework/Versions/A/DirectoryService
0x0000000004570000 	/System/Library/Frameworks/SecurityInterface.framework/Versions/A/SecurityInterface
0x0000000004570000 	/System/Library/PrivateFrameworks/PhoneNumbers.framework/Versions/A/PhoneNumbers
0x0000000004570000 	/System/Library/PrivateFrameworks/ViewBridge.framework/Versions/A/ViewBridge
0x0000000004570000 	/System/Library/Frameworks/WebKit.framework/Versions/A/Frameworks/WebKitLegacy.framework/Versions/A/WebKitLegacy
0x0000000004570000 	/System/Library/Frameworks/WebKit.framework/Versions/A/Frameworks/WebCore.framework/Versions/A/WebCore
0x000000010e80e000 	cl_kernels
0x0000000004570000 	/System/Library/PrivateFrameworks/FinderKit.framework/Versions/A/FinderKit
0x0000000004570000 	/System/Library/PrivateFrameworks/Bom.framework/Versions/A/Bom
0x0000000004570000 	/System/Library/PrivateFrameworks/Suggestions.framework/Versions/A/Suggestions
0x0000000004570000 	/System/Library/PrivateFrameworks/SystemAdministration.framework/Versions/A/SystemAdministration
0x0000000004570000 	/System/Library/PrivateFrameworks/AppleFSCompression.framework/Versions/A/AppleFSCompression
0x0000000004570000 	/System/Library/PrivateFrameworks/LoginUIKit.framework/Versions/A/Frameworks/LoginUICore.framework/Versions/A/LoginUICore
0x0000000004570000 	/usr/lib/libodfde.dylib
0x0000000004570000 	/System/Library/PrivateFrameworks/PlugInKit.framework/Versions/A/PlugInKit
0x0000000004570000 	/System/Library/PrivateFrameworks/CacheDelete.framework/Versions/A/CacheDelete
0x0000000111220000 	/System/Library/Frameworks/Security.framework/PlugIns/csparser.bundle/Contents/MacOS/csparser
0x0000000113278000 	/System/Library/Frameworks/Quartz.framework/Versions/A/Frameworks/QuickLookUI.framework/Versions/A/PlugIns/Text.qldisplay/Contents/MacOS/Text
0x00000001104fb000 	/System/Library/Frameworks/Quartz.framework/Versions/A/Frameworks/QuickLookUI.framework/Versions/A/PlugIns/Generic.qldisplay/Contents/MacOS/Generic
0x000000010e92a000 	/Users/bocarba/Desktop/Stats Software/Stata/utilities/java/macosx-x64/jre1.8.0_31/lib/jli/libjli.dylib
0x0000000122f28000 	/Users/bocarba/Desktop/Stats Software/Stata/utilities/java/macosx-x64/jre1.8.0_31//lib/server/libjvm.dylib
0x00000001103e0000 	/Users/bocarba/Desktop/Stats Software/Stata/utilities/java/macosx-x64/jre1.8.0_31/lib/libverify.dylib
0x0000000110919000 	/Users/bocarba/Desktop/Stats Software/Stata/utilities/java/macosx-x64/jre1.8.0_31/lib/libjava.dylib
0x000000011047a000 	/Users/bocarba/Desktop/Stats Software/Stata/utilities/java/macosx-x64/jre1.8.0_31/lib/libzip.dylib
0x000000011066d000 	/System/Library/Frameworks/JavaVM.framework/Frameworks/JavaRuntimeSupport.framework/JavaRuntimeSupport
0x00000001109b5000 	/System/Library/Frameworks/JavaVM.framework/Versions/A/Frameworks/JavaNativeFoundation.framework/Versions/A/JavaNativeFoundation
0x0000000110532000 	/System/Library/Frameworks/JavaVM.framework/Versions/A/JavaVM
0x00000001104ee000 	/System/Library/PrivateFrameworks/JavaLaunching.framework/Versions/A/JavaLaunching
0x0000000004570000 	/System/Library/PrivateFrameworks/iLifeMediaBrowser.framework/Versions/A/iLifeMediaBrowser
0x0000000004570000 	/System/Library/Frameworks/AVKit.framework/Versions/A/AVKit
0x0000000111be4000 	/System/Library/Frameworks/Quartz.framework/Versions/A/Frameworks/QuickLookUI.framework/Versions/A/PlugIns/Web2.qldisplay/Contents/MacOS/Web2
0x0000000004570000 	/System/Library/PrivateFrameworks/ShareKit.framework/Versions/A/ShareKit
0x0000000004570000 	/System/Library/Frameworks/Accounts.framework/Versions/A/Accounts
0x0000000004570000 	/System/Library/Frameworks/Social.framework/Versions/A/Social
0x0000000004570000 	/System/Library/PrivateFrameworks/AccountsUI.framework/Versions/A/AccountsUI
0x0000000004570000 	/System/Library/PrivateFrameworks/OAuth.framework/Versions/A/OAuth
0x0000000004570000 	/System/Library/PrivateFrameworks/AccountsDaemon.framework/Versions/A/AccountsDaemon
0x0000000004570000 	/System/Library/PrivateFrameworks/XPCObjects.framework/Versions/A/XPCObjects
0x0000000113d08000 	/System/Library/PrivateFrameworks/Lookup.framework/Lookup

VM Arguments:
jvm_args: -Xms16M -Xmx384M -Xss2M -XX:+UseParNewGC -XX:+UseConcMarkSweepGC -XX:MinHeapFreeRatio=40 -XX:MaxHeapFreeRatio=70 -XX:ErrorFile=/dev/null 
java_command: <unknown>
java_class_path (initial): /Users/bocarba/Desktop/Stats Software/Stata/ado/base/:/Users/bocarba/Desktop/Stats Software/Stata/ado/base/jar/:/Users/bocarba/Desktop/Stats Software/Stata/ado/base/jar/libdeps-core.jar:/Users/bocarba/Desktop/Stats Software/Stata/ado/base/jar/libstata-core.jar:/Users/bocarba/Desktop/Stats Software/Stata/ado/base/jar/stata-sfi.jar:./:/Users/bocarba/Library/Application Support/Stata/ado/plus/:
Launcher Type: generic

Environment Variables:
PATH=/usr/bin:/bin:/usr/sbin:/sbin
SHELL=/bin/bash
DISPLAY=/private/tmp/com.apple.launchd.fKu1GJLJkS/org.macosforge.xquartz:0

Signal Handlers:
SIGSEGV: [libjvm.dylib+0x57a0e7], sa_mask[0]=11111111011111110111111111111111, sa_flags=SA_ONSTACK|SA_RESTART|SA_SIGINFO
SIGBUS: [libjvm.dylib+0x57a0e7], sa_mask[0]=11111111011111110111111111111111, sa_flags=SA_RESTART|SA_SIGINFO
SIGFPE: [libjvm.dylib+0x45af24], sa_mask[0]=11111111011111110111111111111111, sa_flags=SA_RESTART|SA_SIGINFO
SIGPIPE: [libjvm.dylib+0x45af24], sa_mask[0]=11111111011111110111111111111111, sa_flags=SA_RESTART|SA_SIGINFO
SIGXFSZ: [libjvm.dylib+0x45af24], sa_mask[0]=11111111011111110111111111111111, sa_flags=SA_RESTART|SA_SIGINFO
SIGILL: [libjvm.dylib+0x45af24], sa_mask[0]=11111111011111110111111111111111, sa_flags=SA_RESTART|SA_SIGINFO
SIGUSR1: SIG_DFL, sa_mask[0]=00000000000000000000000000000000, sa_flags=none
SIGUSR2: [libjvm.dylib+0x45aa42], sa_mask[0]=00000000000000000000000000000000, sa_flags=SA_RESTART|SA_SIGINFO
SIGHUP: [libjvm.dylib+0x459015], sa_mask[0]=11111111011111110111111111111111, sa_flags=SA_RESTART|SA_SIGINFO
SIGINT: [libjvm.dylib+0x459015], sa_mask[0]=11111111011111110111111111111111, sa_flags=SA_RESTART|SA_SIGINFO
SIGTERM: [libjvm.dylib+0x459015], sa_mask[0]=11111111011111110111111111111111, sa_flags=SA_RESTART|SA_SIGINFO
SIGQUIT: [libjvm.dylib+0x459015], sa_mask[0]=11111111011111110111111111111111, sa_flags=SA_RESTART|SA_SIGINFO


---------------  S Y S T E M  ---------------

OS:Bsduname:Darwin 15.5.0 Darwin Kernel Version 15.5.0: Tue Apr 19 18:36:36 PDT 2016; root:xnu-3248.50.21~8/RELEASE_X86_64 x86_64
rlimit: STACK 8192k, CORE 0k, NPROC 709, NOFILE 10240, AS infinity
load average:1.96 2.46 4.87

CPU:total 4 (2 cores per cpu, 2 threads per core) family 6 model 42 stepping 7, cmov, cx8, fxsr, mmx, sse, sse2, sse3, ssse3, sse4.1, sse4.2, popcnt, avx, aes, clmul, ht, tsc, tscinvbit

Memory: 4k page, physical 16777216k(4092008k free)

/proc/meminfo:


vm_info: Java HotSpot(TM) 64-Bit Server VM (25.31-b07) for bsd-amd64 JRE (1.8.0_31-b13), built on Dec 17 2014 20:45:36 by "java_re" with gcc 4.2.1 (Based on Apple Inc. build 5658) (LLVM build 2336.11.00)

time: Thu Jun  2 14:12:59 2016
elapsed time: 23768 seconds (0d 6h 36m 8s)

