running clean.py
Column 'row_id' was not cleaned.
Column 'cr_id' was not cleaned.
Column 'complainant_type' was not cleaned.
Column 'case_type' was not cleaned.
Column 'investigating_agency' was not cleaned.
Column 'incident_date' cleaned as date using DateTimeCleaners.
Column 'incident_time' cleaned as time using DateTimeCleaners.
Column 'complaint_date' cleaned as date using DateTimeCleaners.
Column 'closed_date' cleaned as date using DateTimeCleaners.
Column 'days_to_closure' was not cleaned.
Column 'status' was not cleaned.
Column 'address' was not cleaned.
Column 'geocoordinates_of_incident' was not cleaned.
Column 'beat' was not cleaned.
Column 'location_code' was not cleaned.
Column 'eeo_complaint_no' was not cleaned.
Column 'civil_suit_no' was not cleaned.
Column 'civil_suit_settled_date' was not cleaned.
Column 'allegation_of_bias_i' was not cleaned.
Column 'alcohol_related' was not cleaned.
Column 'pursuit_related_i' was not cleaned.
Column 'violence_at_work_i' was not cleaned.
Column 'domestic_violence_i' was not cleaned.
Column 'police_shooting' was not cleaned.
Column 'category_code' was not cleaned.
Column 'category' was not cleaned.
Columns dropped due to all NA values: ('geocoordinates_of_incident',)
Forward filling cr ids
Fixing two cr_ids formats
