running clean.py
Column 'row_id' was not cleaned.
Column 'trr_id' was not cleaned.
Column 'gender' cleaned as gender using GeneralCleaners.
Column 'race' cleaned as race using GeneralCleaners.
['UNKNOWN'] values not in race_types.yaml file. 166 cases replaced with ''
Column 'birth_year' was not cleaned.
Column 'appointed_date' cleaned as date using DateTimeCleaners.
Some errors in appointed_date. Returned as NaT:
 14    REDACTED
Name: appointed_date, dtype: object.
Column 'unit' cleaned as int using GeneralCleaners.
Column 'unit_detail' was not cleaned.
Column 'assigned_beat' was not cleaned.
Column 'rank' was not cleaned.
Column 'duty_status' was not cleaned.
Column 'injured' was not cleaned.
Column 'in_uniform' was not cleaned.
Column 'trr_date' cleaned as date using DateTimeCleaners.
Column(s) '('last_name', 'first_name', 'middle_initial')' cleaned as name(s) using NameCleaners.
Columns dropped due to all NA values: ('middle_name', 'second_name', 'full_name', 'human_name')
