running clean.py
Column 'row_id' was not cleaned.
Column 'cr_id' was not cleaned.
Column 'incident_date' cleaned as date using DateTimeCleaners.
Some errors in incident_date. Returned as NaT:
 1769    10/11/1003
2116    12/23/1004
2187    04/05/1005
2388    01/21/1004
Name: incident_date, dtype: object.
Column 'incident_time' cleaned as time using DateTimeCleaners.
Some errors in incident_time. Returned as NaT:
 0       08:00:00
1       20:30:00
2       01:30:00
3       23:42:00
4       14:45:00
          ...   
1422    07:03:00
1423    07:14:00
1424    05:19:00
1425    06:49:00
1426    07:27:00
Name: incident_time, Length: 1402, dtype: object.
Column 'complaint_date' cleaned as date using DateTimeCleaners.
Column 'closed_date' cleaned as date using DateTimeCleaners.
Some errors in closed_date. Returned as NaT:
 1801    9999-01-01 00:00:00
Name: closed_date, dtype: object.
Column 'street_name' was not cleaned.
Column 'street_dir' was not cleaned.
Column 'street_number' was not cleaned.
Column 'apartment_number' was not cleaned.
Column 'city' was not cleaned.
Column 'state' was not cleaned.
Column 'zip' was not cleaned.
Column 'beat' was not cleaned.
Column 'location_code' was not cleaned.
Column 'category_code' was not cleaned.
Column 'category' was not cleaned.
Column 'case_type' was not cleaned.
Column 'narrative' was not cleaned.
Column 'days_to_closure' was not cleaned.
Column 'trr_no' was not cleaned.
Column 'cb_no' was not cleaned.
Column 'rd_no' was not cleaned.
Column 'eeoc_no' was not cleaned.
Column 'civil_suit_no' was not cleaned.
Column 'suit_settled_date' was not cleaned.
Column 'biased_language_i' was not cleaned.
Column 'biased_based_pro_i' was not cleaned.
Column 'alcohol_related_i' was not cleaned.
Column 'pursuit_related_i' was not cleaned.
Column 'violence_at_work_i' was not cleaned.
Column 'domestic_violence_i' was not cleaned.
Column 'police_shooting' was not cleaned.
Column 'complainant_type' was not cleaned.
Column 'investigating_agency' was not cleaned.
Column 'current_status' was not cleaned.
Columns dropped due to all NA values: ('street_number', 'street_dir', 'street_name')
