running merge.py
Adding column [BY_to_CA] to data with ID = UID
Adding column [current_age] to data with ID = UID
Adding column [F4FN] to data with ID = UID
Adding column [F4LN] to data with ID = UID
1945 rows dropped due to merge!=1. 3056 rows remaining
Data reshaped wide (3056 rows) to long (5372 rows) by cr_id columns
Adding column [BY_to_CA] to data with ID = complaints-accused-cms_2019-2021_2021-07_ID
Adding column [current_age] to data with ID = complaints-accused-cms_2019-2021_2021-07_ID
Adding column [F4FN] to data with ID = complaints-accused-cms_2019-2021_2021-07_ID
Adding column [F4LN] to data with ID = complaints-accused-cms_2019-2021_2021-07_ID
Running merge (1 of 5): base
Required column types: first_name, last_name, appointed_date
Optional column types: star, birth_year, middle_initial, gender, race, suffix_name, current_unit
Alternate columns for types: first_name: first_name_NS, F4FN; last_name: last_name_NS, F4LN; birth_year: birth_year, current_age, current_age_m1, current_age_p1, 
2687 rows merged. 7.56% of ref and 89.42% of sup merged.
32866 unmerged in ref. 92.44% unmerged.
318 unmerged in sup. 10.58% unmerged.

Running merge (2 of 5): null appointed date (supplemental) merge
Required column types: first_name, last_name, birth_year
Optional column types: star, appointed_date, middle_initial, gender, race, suffix_name, current_unit
Alternate columns for types: first_name: first_name_NS, F4FN; last_name: last_name_NS, F4LN; birth_year: birth_year, current_age
302 rows merged. 0.85% of ref and 10.05% of sup merged.
32564 unmerged in ref. 91.59% unmerged.
16 unmerged in sup. 0.53% unmerged.

Running merge (3 of 5): null appointed date and birth year supplemental merge
Required column types: first_name, last_name
Optional column types: star, appointed_date, birth_year, middle_initial, gender, race, suffix_name, current_unit
Alternate columns for types: first_name: first_name_NS, F4FN; last_name: last_name_NS, F4LN; birth_year: birth_year, current_age, 
13 rows merged. 0.04% of ref and 0.43% of sup merged.
32551 unmerged in ref. 91.56% unmerged.
3 unmerged in sup. 0.1% unmerged.

Running merge (4 of 5): married - last name change merge
Required column types: star, first_name, appointed_date
Optional column types: last_name, birth_year, middle_initial, gender, race, suffix_name, current_unit
Alternate columns for types: first_name: first_name_NS, F4FN; last_name: last_name_NS, F4LN, ; birth_year: birth_year, current_age, current_age_m1, current_age_p1, 
1 rows merged. 0.0% of ref and 0.03% of sup merged.
32550 unmerged in ref. 91.55% unmerged.
2 unmerged in sup. 0.07% unmerged.

Running merge (5 of 5): custom merges
1 rows merged. 0.0% of ref and 0.03% of sup merged.
32549 unmerged in ref. 91.55% unmerged.
1 unmerged in sup. 0.03% unmerged.

Final Merge Report: 
3004 rows merged. 8.45% of ref and 99.97% of sup merged.
32549 unmerged in ref. 91.55% unmerged.
1 unmerged in sup. 0.03% unmerged.
matched_on
star-first_name_NS-last_name_NS-appointed_date-birth_year-middle_initial-gender-race-current_unit    1821
star-first_name_NS-last_name_NS-appointed_date-birth_year-gender-race-current_unit                    579
star-first_name_NS-last_name_NS-birth_year-middle_initial-gender-race-current_unit                    147
first_name_NS-last_name_NS-birth_year-middle_initial-gender-race-current_unit                          80
star-first_name_NS-last_name_NS-appointed_date-birth_year-middle_initial-gender-race                   67
star-first_name_NS-F4LN-appointed_date-birth_year-middle_initial-gender-race-current_unit              52
star-first_name_NS-F4LN-appointed_date-birth_year-gender-race-current_unit                             47
star-first_name_NS-last_name_NS-birth_year-gender-race-current_unit                                    29
star-first_name_NS-last_name_NS-appointed_date-gender-race                                             27
first_name_NS-last_name_NS-appointed_date-birth_year-middle_initial-gender-race-current_unit           22
star-first_name_NS-last_name_NS-appointed_date-birth_year-middle_initial-gender-current_unit           21
first_name_NS-last_name_NS-birth_year-gender-race-current_unit                                         16
star-first_name_NS-last_name_NS-appointed_date-birth_year-gender-race                                  13
star-first_name_NS-last_name_NS-appointed_date-birth_year-gender-current_unit                          12
star-first_name_NS-F4LN-birth_year-gender-race-current_unit                                             9
star-first_name_NS-F4LN-birth_year-middle_initial-gender-race-current_unit                              8
first_name_NS-last_name_NS-appointed_date-birth_year-gender-race-current_unit                           7
star-first_name_NS-last_name_NS-gender-race                                                             7
star-first_name_NS-last_name_NS-birth_year-middle_initial-gender-race                                   5
star-first_name_NS-F4LN-appointed_date-birth_year-gender-race                                           4
star-first_name_NS-last_name_NS-appointed_date-birth_year-middle_initial-gender                         3
star-first_name_NS-last_name_NS-birth_year-gender-race                                                  3
star-first_name_NS-last_name_NS-gender                                                                  2
first_name_NS-last_name_NS-appointed_date-birth_year-middle_initial-gender-race                         2
first_name_NS-last_name_NS                                                                              2
star-first_name_NS-last_name_NS-gender-race-suffix_name                                                 2
first_name_NS-F4LN-birth_year-gender-race-current_unit                                                  2
star-first_name_NS-F4LN-appointed_date-birth_year-middle_initial-gender-current_unit                    2
first_name_NS-last_name_NS-birth_year-middle_initial-gender-race                                        2
star-first_name_NS-last_name_NS-appointed_date-gender                                                   2
star-first_name_NS-appointed_date-birth_year-middle_initial-gender-race-current_unit                    1
first_name_NS-last_name_NS-appointed_date-gender-race                                                   1
first_name_NS-F4LN-birth_year-middle_initial-gender-race-current_unit                                   1
first_name_NS-F4LN-appointed_date-birth_year-gender-race                                                1
first_name_NS-F4LN-appointed_date-birth_year-middle_initial-gender-race-current_unit                    1
first_name_NS-last_name_NS-appointed_date-middle_initial-gender                                         1
star-first_name_NS-F4LN-appointed_date-birth_year-middle_initial-gender-race                            1
star-first_name_NS-last_name_NS-appointed_date-gender-race-suffix_name                                  1
star-appointed_date-first_name_NS                                                                       1
Name: count, dtype: int64
Assembling 2019 - 2021 cms accused
