running src/merge.py
Loading reference data with 122636 rows and 32447 universal IDs
Adding file with intrafile ID: awards_1967-2017_2017-08_ID
6147 rows dropped due to merge!=1. 26819 rows remaining
Adding column [F4FN] to data with ID = UID
Adding column [F4LN] to data with ID = UID
Adding column [F2FN] to data with ID = UID
Adding column [F4FN] to data with ID = awards_1967-2017_2017-08_ID
Adding column [F4LN] to data with ID = awards_1967-2017_2017-08_ID
Adding column [F2FN] to data with ID = awards_1967-2017_2017-08_ID
Beginning loop_merge.
Merge Report:
26749 Total Merged. 82.44% of ref and 99.74% of sup Merged.
5698 Unmerged in ref. 17.56% Unmerged.
70 Unmerged in sup. 0.26% Unmerged.

first_name_NS-last_name_NS-appointed_date-birth_year-middle_initial-gender-race                         13021
star-first_name_NS-last_name_NS-appointed_date-birth_year-middle_initial-gender-race                     8521
first_name_NS-last_name_NS-appointed_date-birth_year-gender-race                                         2624
star-first_name_NS-last_name_NS-appointed_date-birth_year-gender-race                                    1968
star-first_name_NS-last_name_NS-appointed_date-gender-race                                                578
first_name_NS-last_name_NS-appointed_date-birth_year-middle_initial-gender                                 10
first_name_NS-star-appointed_date-birth_year-gender-race                                                    8
first_name_NS-last_name_NS-appointed_date-birth_year-middle_initial-middle_initial2-gender-race             6
first_name_NS-middle_initial-appointed_date-birth_year-gender-race                                          2
star-first_name_NS-last_name_NS-appointed_date-birth_year-middle_initial-gender                             2
F4FN-last_name_NS-appointed_date-birth_year-middle_initial-gender-race                                      1
star-first_name_NS-last_name_NS-appointed_date-birth_year-middle_initial-middle_initial2-gender-race        1
star-F4FN-last_name_NS-appointed_date-birth_year-middle_initial-gender-race                                 1
first_name_NS-last_name_NS-birth_year-middle_initial-race-gender                                            1
first_name_NS-last_name_NS-birth_year-star-race-middle_initial                                              1
star-first_name_NS-last_name_NS-appointed_date-birth_year-gender                                            1
F2FN-last_name_NS-star-appointed_date-birth_year                                                            1
star-first_name_NS-F4LN-appointed_date-birth_year-gender-race                                               1
star-first_name_NS-last_name_NS-appointed_date-birth_year-middle_initial-race                               1
Name: matched_on, dtype: int64
