running clean.py
Column 'row_id' was not cleaned.
Column 'cr_id' was not cleaned.
Column 'complaint_date' cleaned as date using DateTimeCleaners.
Column 'investigating_agency' was not cleaned.
Column 'complainant_type' was not cleaned.
Column 'complainant_subtype' was not cleaned.
Column 'race' cleaned as race using GeneralCleaners.
['UNKNOWN'] values not in race_types.yaml file. 15 cases replaced with ''
Column 'gender' cleaned as gender using GeneralCleaners.
['UNKNOWN'] values not in gender_types.yaml file. 1 cases replaced with ''
Column 'birth_year' was not cleaned.
Column 'assigned_unit' was not cleaned.
Column 'unit_detail' was not cleaned.
Column 'rank' was not cleaned.
Column 'is_sworn_officer' was not cleaned.
Column 'current_unit_detail' was not cleaned.
Column 'current_unit' cleaned as int using GeneralCleaners.
Column(s) '('first_name', 'middle_initial', 'last_name')' cleaned as name(s) using NameCleaners.
Columns dropped due to all NA values: ('human_name', 'full_name', 'second_name', 'middle_name')
