running src/merge.py
Processing file: input/accused_demographics.csv.gz as demographics file.
Append to reference complete.
Officers Added: 3
Merge Report: 16018 Total Merged. 49.36% of DF1 and 99.98% of DF2 Merged.
16432 Unmerged in DF1. 50.64% Unmerged.
3 Unmerged in DF2. 0.02% Unmerged.
Merge List: current_unit-suffix_name-race-gender-middle_initial2-birth_year-appointed_date-last_name_NS-first_name_NS                   9341
suffix_name-race-gender-middle_initial2-birth_year-appointed_date-last_name_NS-first_name_NS                                2203
current_unit-suffix_name-race-gender-middle_initial2-middle_initial-birth_year-appointed_date-last_name_NS-first_name_NS    1455
current_unit-suffix_name-gender-middle_initial2-birth_year-appointed_date-last_name_NS-first_name_NS                        1161
current_unit-suffix_name-gender-middle_initial2-middle_initial-birth_year-appointed_date-last_name_NS-first_name_NS          966
suffix_name-race-gender-middle_initial2-middle_initial-birth_year-appointed_date-last_name_NS-first_name_NS                  364
suffix_name-gender-middle_initial2-birth_year-appointed_date-last_name_NS-first_name_NS                                      319
suffix_name-gender-middle_initial2-middle_initial-birth_year-appointed_date-last_name_NS-first_name_NS                       202
current_unit-suffix_name-race-gender-birth_year-appointed_date-last_name_NS-first_name_NS                                      3
current_unit-suffix_name-gender-middle_initial-birth_year-appointed_date-last_name_NS-first_name_NS                            1
current_unit-suffix_name-gender-middle_initial2-middle_initial-birth_year-appointed_date-first_name_NS                         1
suffix_name-race-gender-middle_initial2-middle_initial-birth_year-appointed_date-F4FN                                          1
current_unit-suffix_name-gender-middle_initial2-birth_year-appointed_date-first_name_NS                                        1
Name: Match, dtype: int64
Starting to generate_profiles.
Finised generate_profiles.
Starting remerge to input/accused.csv.gz data
Finished remerge.
Processing file: input/investigators_demographics.csv.gz as demographics file.
Append to reference complete.
Officers Added: 7
Merge Report: 2967 Total Merged. 9.14% of DF1 and 99.76% of DF2 Merged.
29486 Unmerged in DF1. 90.86% Unmerged.
7 Unmerged in DF2. 0.24% Unmerged.
Merge List: current_unit-appointed_date-last_name_NS-first_name_NS-star9                   1133
current_unit-appointed_date-last_name_NS-first_name_NS-star2                    459
current_unit-appointed_date-last_name_NS-first_name_NS-star3                    317
current_unit-middle_initial-appointed_date-last_name_NS-first_name_NS-star9     217
appointed_date-last_name_NS-first_name_NS-star9                                 159
current_unit-appointed_date-last_name_NS-first_name_NS-star4                    140
appointed_date-last_name_NS-first_name_NS-star2                                  82
current_unit-middle_initial-appointed_date-last_name_NS-first_name_NS-star2      70
current_unit-appointed_date-last_name_NS-first_name_NS-star1                     69
appointed_date-last_name_NS-first_name_NS-star3                                  59
current_unit-middle_initial-appointed_date-last_name_NS-first_name_NS-star3      48
current_unit-appointed_date-last_name_NS-first_name_NS-star5                     41
middle_initial-appointed_date-last_name_NS-first_name_NS-star9                   40
appointed_date-last_name_NS-first_name_NS-star4                                  29
middle_initial-appointed_date-last_name_NS-first_name_NS-star2                   18
current_unit-middle_initial-appointed_date-last_name_NS-first_name_NS-star4      12
middle_initial-appointed_date-last_name_NS-first_name_NS-star3                   11
appointed_date-last_name_NS-first_name_NS-star5                                  11
current_unit-middle_initial-appointed_date-last_name_NS-first_name_NS-star1      10
appointed_date-last_name_NS-first_name_NS-star1                                  10
current_unit-appointed_date-last_name_NS-first_name_NS-star6                      9
current_unit-middle_initial-appointed_date-last_name_NS-first_name_NS-star5       7
middle_initial-appointed_date-last_name_NS-first_name_NS-star4                    4
appointed_date-last_name_NS-first_name_NS-star6                                   3
current_unit-appointed_date-last_name_NS-first_name_NS-current_star               3
current_unit-middle_initial-appointed_date-last_name_NS-first_name_NS-star6       3
appointed_date-last_name_NS-first_name_NS-current_star                            1
middle_initial-appointed_date-last_name_NS-first_name_NS-star5                    1
current_unit-appointed_date-last_name_NS-first_name_NS-star7                      1
Name: Match, dtype: int64
Starting to generate_profiles.
Finised generate_profiles.
Starting remerge to input/investigators.csv.gz data
Finished remerge.
