running import.py
Processing input/p046957_-_report_1.1_-_all_complaints_in_time_frame.xls file, of FOIA number FOIA P046957
Report 1.1
All Complaints in CRMS 
Incident Date From 01 Jan 2000 to 31 Dec 2002
Source Data: CRMS, produced on [datetime.datetime(2016, 10, 29, 0, 0)]
Processing input/p046957_-_report_1.2_-_all_complaints_in_time_frame.xls file, of FOIA number FOIA P046957
Report 1.2
All Complaints in CRMS 
Incident Date From 01 Jan 2003 to 31 Dec 2005
Source Data: CRMS, produced on [datetime.datetime(2016, 10, 29, 0, 0)]
Processing input/p046957_-_report_1.3_-_all_complaints_in_time_frame.xls file, of FOIA number FOIA P046957
Report 1.3
All Complaints in CRMS 
Incident Date From 01 Jan 2006 to 31 Dec 2008
Source Data: CRMS, produced on [datetime.datetime(2016, 10, 29, 0, 0)]
Processing input/p046957_-_report_1.4_-_all_complaints_in_time_frame.xls file, of FOIA number FOIA P046957
Report 1.4
All Complaints in CRMS 
Incident Date From 01 Jan 2006 to 31 Dec 2008
Source Data: CRMS, produced on [datetime.datetime(2016, 10, 29, 0, 0)]
Processing input/p046957_-_report_1.5_-_all_complaints_in_time_frame.xls file, of FOIA number FOIA P046957
Report 1.5
All Complaints in CRMS 
Incident Date From 01 Jan 2009 to 31 Dec 2011
Source Data: CRMS, produced on [datetime.datetime(2016, 10, 29, 0, 0)]
Processing input/p046957_-_report_1.6_-_all_complaints_in_time_frame.xls file, of FOIA number FOIA P046957
Report 1.6
All Complaints in CRMS 
Incident Date From 01 Jan 2012 to 17 Jun 2016
Source Data: CRMS, produced on [datetime.datetime(2016, 10, 29, 0, 0)]
