running src/clean.py
Column 'row_id' was not cleaned.
Column 'birth_year' was not cleaned.
Column 'gender' cleaned as gender using GeneralCleaners.
['X'] values not in gender_types.yaml file. 8 cases replaced with ''
Column 'race' cleaned as race using GeneralCleaners.
['UNKNOWN'] values not in race_types.yaml file. 109 cases replaced with ''
Column 'current_star' cleaned as star using GeneralCleaners.
Column 'appointed_date' cleaned as date using DateTimeCleaners.
Column 'rank' was not cleaned.
Column 'last_promotion_date' cleaned as date using DateTimeCleaners.
Column 'resignation_date' cleaned as date using DateTimeCleaners.
Column 'pps_award_detail_id' was not cleaned.
Column 'award_type' was not cleaned.
Column 'award_request_date' cleaned as date using DateTimeCleaners.
Column 'tracking_no' was not cleaned.
Column 'current_award_status' was not cleaned.
Column 'requester_full_name' was not cleaned.
Column 'award_start_date' cleaned as date using DateTimeCleaners.
Some errors in award_start_date. Returned as NaT:
 3089    24-JUL-0201 00:00:00
4939    31-MAY-0200 00:00:00
4976    17-AUG-1012 00:00:00
5151    15-AUG-0201 00:00:00
5186    04-MAR-0200 00:00:00
Name: award_start_date, dtype: object.
Column 'award_end_date' cleaned as date using DateTimeCleaners.
Column 'ceremony_date' cleaned as date using DateTimeCleaners.
Column(s) '('last_name', 'first_name', 'middle_initial')' cleaned as name(s) using NameCleaners.
Columns dropped due to all NA values: ('human_name', 'full_name', 'second_name', 'middle_name')
