running src/merge.py
Loading reference data with 216925 rows and 33028 universal IDs
Adding file with intrafile ID: complaints-witnesses_2000-2016_2016-11_ID
605 rows dropped due to merge!=1. 11561 rows remaining
Adding column [F4FN] to data with ID = UID
Adding column [F4LN] to data with ID = UID
Adding column [L4LN] to data with ID = UID
Adding column [F3FN] to data with ID = UID
Adding column [L3FN] to data with ID = UID
Adding column [F1FN] to data with ID = UID
Adding column [BY_to_CA] to data with ID = UID
Adding column by executing 
df.loc[df['appointed_date'].isnull(), 'appointed_date'] = df.loc[df['appointed_date'].isnull(), 'so_max_date']
to data with ID = UID
Adding column by executing 
df['FN2']=df['last_name_NS']
to data with ID = UID
Adding column by executing 
df['LN2']=df['first_name_NS']
to data with ID = UID
Adding column [F4FN] to data with ID = complaints-witnesses_2000-2016_2016-11_ID
Adding column [F4LN] to data with ID = complaints-witnesses_2000-2016_2016-11_ID
Adding column [L4LN] to data with ID = complaints-witnesses_2000-2016_2016-11_ID
Adding column [F3FN] to data with ID = complaints-witnesses_2000-2016_2016-11_ID
Adding column [L3FN] to data with ID = complaints-witnesses_2000-2016_2016-11_ID
Adding column [F1FN] to data with ID = complaints-witnesses_2000-2016_2016-11_ID
Adding column [BY_to_CA] to data with ID = complaints-witnesses_2000-2016_2016-11_ID
Adding column by executing 
df['FN2']=df['first_name_NS']
to data with ID = complaints-witnesses_2000-2016_2016-11_ID
Adding column by executing 
df['LN2']=df['last_name_NS']
to data with ID = complaints-witnesses_2000-2016_2016-11_ID
Beginning loop_merge.
Merge Report:
11538 Total Merged. 34.93% of ref and 99.8% of sup Merged.
21490 Unmerged in ref. 65.07% Unmerged.
23 Unmerged in sup. 0.2% Unmerged.

star-first_name_NS-last_name_NS-appointed_date-birth_year                                   7301
first_name_NS-last_name_NS-appointed_date-birth_year                                        3270
star-first_name_NS-last_name_NS-appointed_date-birth_year-suffix_name                        322
first_name_NS-star-birth_year-appointed_date                                                 281
first_name_NS-last_name_NS-appointed_date-birth_year-suffix_name                             164
first_name_NS-birth_year-appointed_date                                                       61
star-first_name_NS-F4LN-appointed_date-birth_year                                             33
first_name_NS-last_name_NS-appointed_date                                                     16
star-first_name_NS-last_name_NS-appointed_date                                                14
last_name_NS-birth_year-appointed_date-star                                                   12
star-F4FN-last_name_NS-appointed_date-birth_year                                              12
first_name_NS-L4LN-birth_year-appointed_date                                                  12
first_name_NS-F4LN-appointed_date-birth_year                                                   9
F4LN-birth_year-appointed_date                                                                 8
F3FN-last_name_NS-birth_year-appointed_date                                                    7
F4FN-last_name_NS-appointed_date-birth_year                                                    4
star-first_name_NS-last_name_NS-appointed_date-birth_year-middle_initial                       2
F4FN-star-birth_year-appointed_date                                                            2
F1FN-L3FN-birth_year-appointed_date-star                                                       2
first_name_NS-last_name_NS-birth_year                                                          2
FN2-LN2-birth_year-appointed_date-star                                                         1
F3FN-L3FN-last_name_NS-birth_year-appointed_date-star                                          1
F4FN-last_name_NS-appointed_date                                                               1
star-first_name_NS-last_name_NS-appointed_date-birth_year-middle_initial-middle_initial2       1
Name: matched_on, dtype: int64
