running merge.py
Adding column [F4FN] to data with ID = UID
Adding column [F4LN] to data with ID = UID
128 rows dropped due to merge!=1. 10798 rows remaining
Adding column [F4FN] to data with ID = TRR-officers_2004-2016_2016-09_ID
Adding column [F4LN] to data with ID = TRR-officers_2004-2016_2016-09_ID
Running merge (1 of 1): base
Required column types: first_name, last_name, appointed_date
Optional column types: star, birth_year, middle_initial, gender, race, suffix_name, current_unit
Alternate columns for types: first_name: first_name_NS, F4FN; last_name: last_name_NS, F4LN; birth_year: birth_year, current_age, current_age_m1, current_age_p1, 
10797 rows merged. 32.7% of ref and 99.99% of sup merged.
22222 unmerged in ref. 67.3% unmerged.
1 unmerged in sup. 0.01% unmerged.

Final Merge Report: 
10797 rows merged. 32.7% of ref and 99.99% of sup merged.
22222 unmerged in ref. 67.3% unmerged.
1 unmerged in sup. 0.01% unmerged.
matched_on
star-first_name_NS-last_name_NS-appointed_date-gender-race                   10320
star-first_name_NS-last_name_NS-appointed_date-gender-race-suffix_name         469
star-first_name_NS-last_name_NS-appointed_date-middle_initial-gender-race        6
first_name_NS-last_name_NS-appointed_date-gender-race                            2
Name: count, dtype: int64
