running src/clean.py
Column 'row_id' was not cleaned.
Column 'cr_id' was not cleaned.
Column 'incident_start_date' was not cleaned.
Column 'incident_end_date' was not cleaned.
Column 'complaint_date' cleaned as date using DateTimeCleaners.
Column 'closed_date' cleaned as date using DateTimeCleaners.
Column 'current_complaint_status' was not cleaned.
Column 'incident_location' was not cleaned.
Column 'address_number' was not cleaned.
Column 'street_direction' was not cleaned.
Column 'street_name' was not cleaned.
Column 'apartment_no' was not cleaned.
Column 'city' was not cleaned.
Column 'state' was not cleaned.
Column 'zip' was not cleaned.
Column 'incident_beat' was not cleaned.
Column 'current_complaint_category_code' was not cleaned.
Column 'current_complaint_category' was not cleaned.
Column 'current_complaint_category_type' was not cleaned.
Column 'was_police_shooting' was not cleaned.
Column 'complainant_type' was not cleaned.
Column 'investigating_agency' was not cleaned.
Columns dropped due to all NA values: ()
