running src/merge.py
Processing file: input/awards_demographics.csv.gz as demographics file.
Append to reference complete.
Officers Added: 61
Merge Report: 26069 Total Merged. 80.3% of DF1 and 99.77% of DF2 Merged.
6395 Unmerged in DF1. 19.7% Unmerged.
61 Unmerged in DF2. 0.23% Unmerged.
Merge List: race-gender-middle_initial2-middle_initial-birth_year-appointed_date-last_name_NS-first_name_NS-star9           14872
race-gender-middle_initial2-middle_initial-birth_year-appointed_date-last_name_NS-first_name_NS-star1            8189
race-gender-middle_initial2-middle_initial-birth_year-appointed_date-last_name_NS-first_name_NS-star2            1617
race-gender-middle_initial2-middle_initial-birth_year-appointed_date-last_name_NS-first_name_NS-star3             606
race-gender-middle_initial2-middle_initial-birth_year-appointed_date-last_name_NS-first_name_NS                   465
race-gender-middle_initial2-middle_initial-birth_year-appointed_date-last_name_NS-first_name_NS-star4             193
race-gender-middle_initial2-middle_initial-birth_year-appointed_date-last_name_NS-first_name_NS-star5              55
race-gender-middle_initial2-middle_initial-birth_year-appointed_date-first_name_NS-star1                           24
race-gender-middle_initial2-middle_initial-birth_year-appointed_date-last_name_NS-first_name_NS-star6              14
race-gender-middle_initial2-middle_initial-birth_year-appointed_date-last_name_NS-first_name_NS-current_star        7
race-gender-middle_initial2-birth_year-appointed_date-last_name_NS-first_name_NS-star9                              6
race-gender-middle_initial2-middle_initial-birth_year-appointed_date-F4LN-first_name_NS-star1                       5
race-gender-middle_initial2-middle_initial-birth_year-appointed_date-first_name_NS-star2                            2
gender-middle_initial2-middle_initial-birth_year-appointed_date-last_name_NS-first_name_NS                          1
appointed_date-birth_year-star1-gender-middle_initial                                                               1
race-gender-middle_initial2-middle_initial-birth_year-appointed_date-F4LN-first_name_NS-star3                       1
race-gender-middle_initial2-birth_year-appointed_date-last_name_NS-first_name_NS-star1                              1
race-gender-middle_initial2-middle_initial-birth_year-appointed_date-F4LN-first_name_NS-star9                       1
race-gender-middle_initial2-middle_initial-appointed_date-last_name_NS-first_name_NS-star2                          1
race-gender-middle_initial2-middle_initial-birth_year-appointed_date-last_name_NS-F4FN-star1                        1
race-middle_initial2-middle_initial-birth_year-appointed_date-last_name_NS-first_name_NS-star1                      1
race-gender-middle_initial2-middle_initial-birth_year-appointed_date-last_name_NS-star1                             1
race-gender-middle_initial2-middle_initial-birth_year-appointed_date-last_name_NS-F4FN-star9                        1
race-gender-middle_initial2-middle_initial-birth_year-appointed_date-F4LN-first_name_NS                             1
race-gender-middle_initial2-appointed_date-first_name_NS-star9                                                      1
race-gender-middle_initial2-birth_year-appointed_date-last_name_NS-star9                                            1
gender-middle_initial2-middle_initial-birth_year-appointed_date-last_name_NS-first_name_NS-star1                    1
Name: Match, dtype: int64
Starting to generate_profiles.
Finised generate_profiles.
Starting remerge to input/awards.csv.gz data
Finished remerge.
