# GNU Make 3.81
# Copyright (C) 2006  Free Software Foundation, Inc.
# This is free software; see the source for copying conditions.
# There is NO warranty; not even for MERCHANTABILITY or FITNESS FOR A
# PARTICULAR PURPOSE.

# This program built for i386-apple-darwin11.3.0
cd import && python src/import.py
2022-05-17T19:56:30[INFO]: running import.py
cd import && python src/import.py
2022-05-17T19:56:34[INFO]: running import.py
cd clean && python src/clean.py
2022-05-17T19:56:38[INFO]: running clean.py
2022-05-17T19:56:38[INFO]: Column 'row_id' was not cleaned.
2022-05-17T19:56:38[INFO]: Column 'cr_id' was not cleaned.
2022-05-17T19:56:38[INFO]: Column 'complaint_date' cleaned as date using DateTimeCleaners.
2022-05-17T19:56:38[INFO]: Column 'investigating_agency' was not cleaned.
2022-05-17T19:56:38[INFO]: Column 'complainant_type' was not cleaned.
2022-05-17T19:56:38[INFO]: Column 'complainant_subtype' was not cleaned.
2022-05-17T19:56:38[INFO]: Column 'race' cleaned as race using GeneralCleaners.
2022-05-17T19:56:38[WARNING]: ['UNKNOWN'] values not in race_types.yaml file. 15 cases replaced with ''
2022-05-17T19:56:38[INFO]: Column 'gender' cleaned as gender using GeneralCleaners.
2022-05-17T19:56:38[WARNING]: ['UNKNOWN'] values not in gender_types.yaml file. 1 cases replaced with ''
2022-05-17T19:56:38[INFO]: Column 'birth_year' was not cleaned.
2022-05-17T19:56:38[INFO]: Column 'assigned_unit' was not cleaned.
2022-05-17T19:56:38[INFO]: Column 'unit_detail' was not cleaned.
2022-05-17T19:56:38[INFO]: Column 'rank' was not cleaned.
2022-05-17T19:56:38[INFO]: Column 'is_sworn_officer' was not cleaned.
2022-05-17T19:56:38[INFO]: Column 'current_unit_detail' was not cleaned.
2022-05-17T19:56:38[INFO]: Column 'current_unit' cleaned as int using GeneralCleaners.
2022-05-17T19:56:38[INFO]: Column(s) '('first_name', 'middle_initial', 'last_name')' cleaned as name(s) using NameCleaners.
2022-05-17T19:56:39[INFO]: Columns dropped due to all NA values: ('full_name', 'second_name', 'middle_name', 'human_name')
cd assign-unique-ids && python src/assign-unique-ids.py
2022-05-17T19:56:40[INFO]: running assign-unique-ids.py
2022-05-17T19:56:40[INFO]: Total rows: 24565
Unique id + conflict rows: 10122
Conflict rows: 0
Resolved conflcit UID count: 0
Total unique ids: 10122

cd assign-unique-ids && python src/assign-unique-ids.py
2022-05-17T19:56:41[INFO]: running assign-unique-ids.py
2022-05-17T19:56:41[INFO]: Total rows: 24565
Unique id + conflict rows: 10122
Conflict rows: 0
Resolved conflcit UID count: 0
Total unique ids: 10122


# Make data base, printed on Tue May 17 19:56:42 2022

# Variables

# environment
VSCODE_GIT_ASKPASS_MAIN = /Applications/Visual Studio Code.app/Contents/Resources/app/extensions/git/dist/askpass-main.js
# automatic
<D = $(patsubst %/,%,$(dir $<))
# default
COMPILE.m = $(COMPILE.c)
# automatic
?F = $(notdir $?)
# makefile (from `Makefile', line 21)
linked = clean^import assign-unique-ids^clean export^assign-unique-ids
# default
CWEAVE = cweave
# environment
NVM_INC = /Users/ashwin/.nvm/versions/node/v17.3.0/include/node
# automatic
?D = $(patsubst %/,%,$(dir $?))
# automatic
@D = $(patsubst %/,%,$(dir $@))
# automatic
@F = $(notdir $@)
# default
PC = pc
# makefile
CURDIR := /Users/ashwin/dev/inv/update/chicago-police-data/individual/complaints-CPD-witnesses_2000-2018_2018-03_18-060-157
# makefile
SHELL = /bin/sh
# default
RM = rm -f
# default
CO = co
# environment
_ = /usr/bin/make
# default
PREPROCESS.F = $(FC) $(FFLAGS) $(CPPFLAGS) $(TARGET_ARCH) -F
# default
LINK.m = $(LINK.c)
# default
LINK.o = $(CC) $(LDFLAGS) $(TARGET_ARCH)
# default
OUTPUT_OPTION = -o $@
# environment
CONDA_PREFIX_1 = /Users/ashwin/opt/anaconda3
# default
COMPILE.cpp = $(COMPILE.cc)
# makefile (from `../../share/src/individual_makefile.mk', line 1)
MAKEFILE_LIST :=  Makefile ../../share/src/individual_makefile.mk
# makefile (from `Makefile', line 21)
clean_task = clean-export
# makefile (from `Makefile', line 21)
shift_left = import clean assign-unique-ids
# default
LINK.p = $(PC) $(PFLAGS) $(CPPFLAGS) $(LDFLAGS) $(TARGET_ARCH)
# default
CC = cc
# environment
__CFBundleIdentifier = com.microsoft.VSCode
# environment
INFOPATH = /opt/homebrew/share/info:
# default
CHECKOUT,v = +$(if $(wildcard $@),,$(CO) $(COFLAGS) $< $@)
# default
LEX.m = $(LEX) $(LFLAGS) -t
# default
CPP = $(CC) -E
# makefile (from `Makefile', line 21)
target_task = export-task
# default
LINK.cc = $(CXX) $(CXXFLAGS) $(CPPFLAGS) $(LDFLAGS) $(TARGET_ARCH)
# environment
PATH = /Library/PostgreSQL/13/bin:/Users/ashwin/.nvm/versions/node/v17.3.0/bin:/Users/ashwin/opt/anaconda3/envs/cpdp/bin:/Users/ashwin/opt/anaconda3/condabin:/opt/homebrew/bin:/opt/homebrew/sbin:/usr/local/bin:/usr/bin:/bin:/usr/sbin:/sbin
# default
LD = ld
# default
TEXI2DVI = texi2dvi
# default
YACC = yacc
# default
COMPILE.mod = $(M2C) $(M2FLAGS) $(MODFLAGS) $(TARGET_ARCH)
# default
ARFLAGS = rv
# default
LINK.r = $(FC) $(FFLAGS) $(RFLAGS) $(LDFLAGS) $(TARGET_ARCH)
# default
LINT = lint
# default
COMPILE.f = $(FC) $(FFLAGS) $(TARGET_ARCH) -c
# default
LINT.c = $(LINT) $(LINTFLAGS) $(CPPFLAGS) $(TARGET_ARCH)
# default
YACC.m = $(YACC) $(YFLAGS)
# environment
NVM_BIN = /Users/ashwin/.nvm/versions/node/v17.3.0/bin
# default
YACC.y = $(YACC) $(YFLAGS)
# environment
CONDA_PREFIX = /Users/ashwin/opt/anaconda3/envs/cpdp
# default
AR = ar
# makefile (from `Makefile', line 21)
prereq_task_name = assign-unique-ids
# default
.FEATURES := target-specific order-only second-expansion else-if archives jobserver check-symlink
# default
TANGLE = tangle
# environment
SSH_AUTH_SOCK = /private/tmp/com.apple.launchd.IZmcgKPlPt/Listeners
# default
GET = get
# automatic
%F = $(notdir $%)
# environment
CONDA_EXE = /Users/ashwin/opt/anaconda3/bin/conda
# default
COMPILE.F = $(FC) $(FFLAGS) $(CPPFLAGS) $(TARGET_ARCH) -c
# default
CTANGLE = ctangle
# makefile (from `../../share/src/individual_makefile.mk', line 9)
define link_tasks
$(eval tasks = $(subst ^, ,$1))
$(eval build_task = $(firstword $(tasks)))
$(eval prereq_task = $(lastword $(tasks)))
$(eval prereq_task_name = $(notdir $(prereq_task)))
$(eval found_outputs = $(filter-out $(notdir $(wildcard $(prereq_task)/output/*metadata*)),$(notdir $(wildcard $(prereq_task)/output/*.csv.gz))))

$(build_task)-link: $(foreach output,$(found_outputs),$(build_task)/input/$(output))
$(build_task)/input/$(foreach output,$(found_outputs),$(build_task)/input/$(output)): 
	cd $(build_task)/input && $(foreach output,$(found_outputs),ln -s ../../$(prereq_task_name)/output/$(output); )
endef
# default
.LIBPATTERNS = lib%.so lib%.a
# makefile (from `Makefile', line 21)
shift_right = clean assign-unique-ids export
# default
LINK.C = $(LINK.cc)
# environment
PWD = /Users/ashwin/dev/inv/update/chicago-police-data/individual/complaints-CPD-witnesses_2000-2018_2018-03_18-060-157
# makefile (from `Makefile', line 21)
all_tasks = import clean assign-unique-ids export
# environment
HOMEBREW_CELLAR = /opt/homebrew/Cellar
# default
LINK.S = $(CC) $(ASFLAGS) $(CPPFLAGS) $(LDFLAGS) $(TARGET_MACH)
# default
PREPROCESS.r = $(FC) $(FFLAGS) $(RFLAGS) $(TARGET_ARCH) -F
# environment
ORIGINAL_XDG_CURRENT_DESKTOP = undefined
# environment
MANPATH = /Users/ashwin/.nvm/versions/node/v17.3.0/share/man:/opt/homebrew/share/man::
# default
LINK.s = $(CC) $(ASFLAGS) $(LDFLAGS) $(TARGET_MACH)
# environment
HOME = /Users/ashwin
# default
MAKEFILEPATH = $(shell /usr/bin/xcode-select -print-path 2>/dev/null || echo /Developer)/Makefiles
# environment
LOGNAME = ashwin
# environment
APPLICATION_INSIGHTS_NO_DIAGNOSTIC_CHANNEL = true
# environment
CONDA_PROMPT_MODIFIER = (cpdp) 
# environment
NVM_CD_FLAGS = -q
# automatic
^D = $(patsubst %/,%,$(dir $^))
# environment
MAKELEVEL := 0
# environment
CONDA_DEFAULT_ENV = cpdp
# environment
XPC_FLAGS = 0x0
# environment
COLORTERM = truecolor
# default
MAKE = $(MAKE_COMMAND)
# environment
SHLVL = 1
# default
AS = as
# makefile (from `../../share/src/individual_makefile.mk', line 23)
define build_symlinks
$(eval all_tasks = $1)
$(eval shift_right = $(filter-out $(firstword $(all_tasks)),$(all_tasks)))
$(eval shift_left = $(filter-out $(lastword $(all_tasks)),$(all_tasks)))
$(eval linked = $(join $(shift_right), $(addprefix ^,$(shift_left))))

$(foreach link_task,$(linked),$(eval $(call link_tasks,$(link_task))))
endef
# default
PREPROCESS.S = $(CC) -E $(CPPFLAGS)
# makefile (from `../../share/src/individual_makefile.mk', line 33)
define build_individual_task
$(eval task_path = $1)
$(eval task_name = $(notdir $(task_path)))
$(eval task_dir = $(dir $(task_path)))
$(eval target_task = $(addsuffix -task,$(task_name)))

$(task_path)-link:

$(task_path)-task: $(task_path)/output/*.csv.gz
$(task_path)/output/*.csv.gz: $(wildcard $(task_path)/src/*) $(wildcard $(task_path)/input/*) $(task_path)-link
	cd $(task_path) && python src/$(notdir $(task_name)).py

$(eval clean_task = $(addprefix clean-,$(task_path)))
$(clean_task): 
	cd $(task_path) && rm -f output/*

all: $(target_task)
clean: $(clean_task)
endef
# default
COMPILE.p = $(PC) $(PFLAGS) $(CPPFLAGS) $(TARGET_ARCH) -c
# default
MAKE_VERSION := 3.81
# environment
USER = ashwin
# default
FC = f77
# makefile
.DEFAULT_GOAL := all
# automatic
%D = $(patsubst %/,%,$(dir $%))
# environment
CONDA_SHLVL = 2
# default
WEAVE = weave
# default
MAKE_COMMAND := /Library/Developer/CommandLineTools/usr/bin/make
# default
LINK.cpp = $(LINK.cc)
# default
F77 = $(FC)
# environment
OLDPWD = /Users/ashwin/dev/inv/update/chicago-police-data/individual/complaints-CPD-witnesses_2000-2018_2018-03_18-060-157/assign-unique-ids
# environment
VSCODE_GIT_ASKPASS_EXTRA_ARGS = --ms-enable-electron-run-as-node
# environment
TERM_PROGRAM = vscode
# default
.VARIABLES := 
# environment
TMPDIR = /var/folders/sz/gbxsyn6j3szfnpyp9d9p1t740000gn/T/
# automatic
*F = $(notdir $*)
# environment
VSCODE_GIT_ASKPASS_NODE = /Applications/Visual Studio Code.app/Contents/MacOS/Electron
# makefile (from `Makefile', line 21)
task_name = export
# default
COMPILE.def = $(M2C) $(M2FLAGS) $(DEFFLAGS) $(TARGET_ARCH)
# default
LEX = lex
# makefile
MAKEFLAGS = p
# environment
MFLAGS = -p
# automatic
*D = $(patsubst %/,%,$(dir $*))
# environment
TERM_PROGRAM_VERSION = 1.67.0
# environment
NVM_DIR = /Users/ashwin/.nvm
# makefile (from `Makefile', line 21)
prereq_task = assign-unique-ids
# default
LEX.l = $(LEX) $(LFLAGS) -t
# environment
XPC_SERVICE_NAME = 0
# environment
HOMEBREW_PREFIX = /opt/homebrew
# automatic
+D = $(patsubst %/,%,$(dir $+))
# makefile (from `Makefile', line 11)
root_dir := ../..
# default
COMPILE.r = $(FC) $(FFLAGS) $(RFLAGS) $(TARGET_ARCH) -c
# automatic
+F = $(notdir $+)
# default
M2C = m2c
# environment
HOMEBREW_REPOSITORY = /opt/homebrew
# environment
__CF_USER_TEXT_ENCODING = 0x1F5:0x0:0x0
# environment
COMMAND_MODE = unix2003
# environment
GIT_ASKPASS = /Applications/Visual Studio Code.app/Contents/Resources/app/extensions/git/dist/askpass.sh
# default
MAKEFILES := 
# default
COMPILE.cc = $(CXX) $(CXXFLAGS) $(CPPFLAGS) $(TARGET_ARCH) -c
# automatic
<F = $(notdir $<)
# makefile (from `Makefile', line 21)
build_task = export
# default
CXX = c++
# default
COFLAGS = 
# makefile (from `../../share/src/individual_makefile.mk', line 54)
define build_all_tasks
$(eval all_tasks = $1)

$(eval $(call build_symlinks,$(all_tasks)))
$(foreach task_name,$(all_tasks),$(eval $(call build_individual_task,$(task_name))))
endef
# environment
CONDA_PYTHON_EXE = /Users/ashwin/opt/anaconda3/bin/python
# default
COMPILE.C = $(COMPILE.cc)
# automatic
^F = $(notdir $^)
# default
COMPILE.S = $(CC) $(ASFLAGS) $(CPPFLAGS) $(TARGET_MACH) -c
# default
LINK.F = $(FC) $(FFLAGS) $(CPPFLAGS) $(LDFLAGS) $(TARGET_ARCH)
# default
SUFFIXES := .out .a .ln .o .c .cc .C .cpp .p .f .F .m .r .y .l .ym .lm .s .S .mod .sym .def .h .info .dvi .tex .texinfo .texi .txinfo .w .ch .web .sh .elc .el
# default
COMPILE.c = $(CC) $(CFLAGS) $(CPPFLAGS) $(TARGET_ARCH) -c
# environment
_CE_M = 
# makefile (from `Makefile', line 21)
task_path = export
# default
LINK.c = $(CC) $(CFLAGS) $(CPPFLAGS) $(LDFLAGS) $(TARGET_ARCH)
# default
COMPILE.s = $(AS) $(ASFLAGS) $(TARGET_MACH)
# makefile (from `Makefile', line 21)
tasks = export assign-unique-ids
# environment
VSCODE_GIT_IPC_HANDLE = /var/folders/sz/gbxsyn6j3szfnpyp9d9p1t740000gn/T/vscode-git-a8f50e2cde.sock
# makefile (from `Makefile', line 21)
found_outputs = complaints-CPD-witnesses_2000-2018_2018-03.csv.gz complaints-CPD-witnesses_2000-2018_2018-03_profiles.csv.gz
# default
MAKEINFO = makeinfo
# default
TEX = tex
# environment
LANG = en_US.UTF-8
# environment
TERM = xterm-256color
# default
F77FLAGS = $(FFLAGS)
# default
LINK.f = $(FC) $(FFLAGS) $(LDFLAGS) $(TARGET_ARCH)
# makefile (from `Makefile', line 21)
task_dir = ./
# environment
_CE_CONDA = 
# default
GNUMAKE = YES
# variable set hash-table stats:
# Load=156/1024=15%, Rehash=0, Collisions=30/355=8%

# Pattern-specific Variable Values

# No pattern-specific variable values.

# Directories

# SCCS: could not be stat'd.
# . (device 16777233, inode 26252937): 9 files, 180 impossibilities.
# assign-unique-ids/input (device 16777233, inode 26252986): 3 files, 20 impossibilities.
# assign-unique-ids/src (device 16777233, inode 26252989): 8 files, 120 impossibilities.
# ../../share/src (device 16777233, inode 26073593): 14 files, 20 impossibilities.
# clean/src/SCCS: could not be stat'd.
# assign-unique-ids/input/SCCS: could not be stat'd.
# assign-unique-ids/src/SCCS: could not be stat'd.
# assign-unique-ids/output (device 16777233, inode 26252987): 6 files, no impossibilities.
# ../../share/src/SCCS: could not be stat'd.
# assign-unique-ids/input/RCS: could not be stat'd.
# import/input (device 16777233, inode 26252967): 3 files, 20 impossibilities.
# clean/input (device 16777233, inode 26252943): 4 files, 40 impossibilities.
# import/src (device 16777233, inode 26252971): 7 files, 100 impossibilities.
# clean/src (device 16777233, inode 26252946): 10 files, 160 impossibilities.
# export/input (device 16777233, inode 26252957): 2 files, 20 impossibilities.
# export/src (device 16777233, inode 26252960): 6 files, 80 impossibilities.
# assign-unique-ids/src/RCS: could not be stat'd.
# ../../share/src/RCS: could not be stat'd.
# import/input/SCCS: could not be stat'd.
# clean/input/SCCS: could not be stat'd.
# export/input/SCCS: could not be stat'd.
# import/src/SCCS: could not be stat'd.
# import/output (device 16777233, inode 26252969): 6 files, no impossibilities.
# clean/output (device 16777233, inode 26252944): 5 files, no impossibilities.
# export/src/SCCS: could not be stat'd.
# export/output (device 16777233, inode 26252958): 6 files, no impossibilities.
# import/input/RCS: could not be stat'd.
# clean/input/RCS: could not be stat'd.
# export/input/RCS: could not be stat'd.
# import/src/RCS: could not be stat'd.
# clean/src/RCS: could not be stat'd.
# export/src/RCS: could not be stat'd.
# RCS: could not be stat'd.

# 89 files, 760 impossibilities in 34 directories.

# Implicit Rules

%.out:

%.a:

%.ln:

%.o:

%: %.o
#  commands to execute (built-in):
	$(LINK.o) $^ $(LOADLIBES) $(LDLIBS) -o $@

%.c:

%: %.c
#  commands to execute (built-in):
	$(LINK.c) $^ $(LOADLIBES) $(LDLIBS) -o $@

%.ln: %.c
#  commands to execute (built-in):
	$(LINT.c) -C$* $<

%.o: %.c
#  commands to execute (built-in):
	$(COMPILE.c) $(OUTPUT_OPTION) $<

%.cc:

%: %.cc
#  commands to execute (built-in):
	$(LINK.cc) $^ $(LOADLIBES) $(LDLIBS) -o $@

%.o: %.cc
#  commands to execute (built-in):
	$(COMPILE.cc) $(OUTPUT_OPTION) $<

%.C:

%: %.C
#  commands to execute (built-in):
	$(LINK.C) $^ $(LOADLIBES) $(LDLIBS) -o $@

%.o: %.C
#  commands to execute (built-in):
	$(COMPILE.C) $(OUTPUT_OPTION) $<

%.cpp:

%: %.cpp
#  commands to execute (built-in):
	$(LINK.cpp) $^ $(LOADLIBES) $(LDLIBS) -o $@

%.o: %.cpp
#  commands to execute (built-in):
	$(COMPILE.cpp) $(OUTPUT_OPTION) $<

%.p:

%: %.p
#  commands to execute (built-in):
	$(LINK.p) $^ $(LOADLIBES) $(LDLIBS) -o $@

%.o: %.p
#  commands to execute (built-in):
	$(COMPILE.p) $(OUTPUT_OPTION) $<

%.f:

%: %.f
#  commands to execute (built-in):
	$(LINK.f) $^ $(LOADLIBES) $(LDLIBS) -o $@

%.o: %.f
#  commands to execute (built-in):
	$(COMPILE.f) $(OUTPUT_OPTION) $<

%.F:

%: %.F
#  commands to execute (built-in):
	$(LINK.F) $^ $(LOADLIBES) $(LDLIBS) -o $@

%.o: %.F
#  commands to execute (built-in):
	$(COMPILE.F) $(OUTPUT_OPTION) $<

%.f: %.F
#  commands to execute (built-in):
	$(PREPROCESS.F) $(OUTPUT_OPTION) $<

%.m:

%: %.m
#  commands to execute (built-in):
	$(LINK.m) $^ $(LOADLIBES) $(LDLIBS) -o $@

%.o: %.m
#  commands to execute (built-in):
	$(COMPILE.m) $(OUTPUT_OPTION) $<

%.r:

%: %.r
#  commands to execute (built-in):
	$(LINK.r) $^ $(LOADLIBES) $(LDLIBS) -o $@

%.o: %.r
#  commands to execute (built-in):
	$(COMPILE.r) $(OUTPUT_OPTION) $<

%.f: %.r
#  commands to execute (built-in):
	$(PREPROCESS.r) $(OUTPUT_OPTION) $<

%.y:

%.ln: %.y
#  commands to execute (built-in):
	$(YACC.y) $< 
	$(LINT.c) -C$* y.tab.c 
	$(RM) y.tab.c

%.c: %.y
#  commands to execute (built-in):
	$(YACC.y) $< 
	mv -f y.tab.c $@

%.l:

%.ln: %.l
#  commands to execute (built-in):
	@$(RM) $*.c
	$(LEX.l) $< > $*.c
	$(LINT.c) -i $*.c -o $@
	$(RM) $*.c

%.c: %.l
#  commands to execute (built-in):
	@$(RM) $@ 
	$(LEX.l) $< > $@

%.r: %.l
#  commands to execute (built-in):
	$(LEX.l) $< > $@ 
	mv -f lex.yy.r $@

%.ym:

%.m: %.ym
#  commands to execute (built-in):
	$(YACC.m) $< 
	mv -f y.tab.c $@

%.lm:

%.m: %.lm
#  commands to execute (built-in):
	@$(RM) $@ 
	$(LEX.m) $< > $@

%.s:

%: %.s
#  commands to execute (built-in):
	$(LINK.s) $^ $(LOADLIBES) $(LDLIBS) -o $@

%.o: %.s
#  commands to execute (built-in):
	$(COMPILE.s) -o $@ $<

%.S:

%: %.S
#  commands to execute (built-in):
	$(LINK.S) $^ $(LOADLIBES) $(LDLIBS) -o $@

%.o: %.S
#  commands to execute (built-in):
	$(COMPILE.S) -o $@ $<

%.s: %.S
#  commands to execute (built-in):
	$(PREPROCESS.S) $< > $@

%.mod:

%: %.mod
#  commands to execute (built-in):
	$(COMPILE.mod) -o $@ -e $@ $^

%.o: %.mod
#  commands to execute (built-in):
	$(COMPILE.mod) -o $@ $<

%.sym:

%.def:

%.sym: %.def
#  commands to execute (built-in):
	$(COMPILE.def) -o $@ $<

%.h:

%.info:

%.dvi:

%.tex:

%.dvi: %.tex
#  commands to execute (built-in):
	$(TEX) $<

%.texinfo:

%.info: %.texinfo
#  commands to execute (built-in):
	$(MAKEINFO) $(MAKEINFO_FLAGS) $< -o $@

%.dvi: %.texinfo
#  commands to execute (built-in):
	$(TEXI2DVI) $(TEXI2DVI_FLAGS) $<

%.texi:

%.info: %.texi
#  commands to execute (built-in):
	$(MAKEINFO) $(MAKEINFO_FLAGS) $< -o $@

%.dvi: %.texi
#  commands to execute (built-in):
	$(TEXI2DVI) $(TEXI2DVI_FLAGS) $<

%.txinfo:

%.info: %.txinfo
#  commands to execute (built-in):
	$(MAKEINFO) $(MAKEINFO_FLAGS) $< -o $@

%.dvi: %.txinfo
#  commands to execute (built-in):
	$(TEXI2DVI) $(TEXI2DVI_FLAGS) $<

%.w:

%.c: %.w
#  commands to execute (built-in):
	$(CTANGLE) $< - $@

%.tex: %.w
#  commands to execute (built-in):
	$(CWEAVE) $< - $@

%.ch:

%.web:

%.p: %.web
#  commands to execute (built-in):
	$(TANGLE) $<

%.tex: %.web
#  commands to execute (built-in):
	$(WEAVE) $<

%.sh:

%: %.sh
#  commands to execute (built-in):
	cat $< >$@ 
	chmod a+x $@

%.elc:

%.el:

(%): %
#  commands to execute (built-in):
	$(AR) $(ARFLAGS) $@ $<

%.out: %
#  commands to execute (built-in):
	@rm -f $@ 
	cp $< $@

%.c: %.w %.ch
#  commands to execute (built-in):
	$(CTANGLE) $^ $@

%.tex: %.w %.ch
#  commands to execute (built-in):
	$(CWEAVE) $^ $@

%:: %,v
#  commands to execute (built-in):
	$(CHECKOUT,v)

%:: RCS/%,v
#  commands to execute (built-in):
	$(CHECKOUT,v)

%:: RCS/%
#  commands to execute (built-in):
	$(CHECKOUT,v)

%:: s.%
#  commands to execute (built-in):
	$(GET) $(GFLAGS) $(SCCS_OUTPUT_OPTION) $<

%:: SCCS/s.%
#  commands to execute (built-in):
	$(GET) $(GFLAGS) $(SCCS_OUTPUT_OPTION) $<

# 93 implicit rules, 5 (5.4%) terminal.

# Files

# Not a target:
import/src/import.py:
#  Implicit rule search has been done.
#  Last modified 2022-05-02 20:05:02
#  File has been updated.
#  Successfully updated.
# variable set hash-table stats:
# Load=0/32=0%, Rehash=0, Collisions=0/0=0%

assign-unique-ids-link: assign-unique-ids/input/complaints-CPD-witnesses_2000-2018_2018-03.csv.gz
#  Implicit rule search has been done.
#  File does not exist.
#  File has been updated.
#  Successfully updated.
# variable set hash-table stats:
# Load=0/32=0%, Rehash=0, Collisions=0/0=0%

# Not a target:
.web.p:
#  Implicit rule search has not been done.
#  Modification time never checked.
#  File has not been updated.
#  commands to execute (built-in):
	$(TANGLE) $<

# Not a target:
clean/src/clean_utils.py:
#  Implicit rule search has been done.
#  Last modified 2022-05-02 18:54:41
#  File has been updated.
#  Successfully updated.
# variable set hash-table stats:
# Load=0/32=0%, Rehash=0, Collisions=0/0=0%

# Not a target:
.l.r:
#  Implicit rule search has not been done.
#  Modification time never checked.
#  File has not been updated.
#  commands to execute (built-in):
	$(LEX.l) $< > $@ 
	mv -f lex.yy.r $@

# Not a target:
.dvi:
#  Implicit rule search has not been done.
#  Modification time never checked.
#  File has not been updated.

# Not a target:
.ym:
#  Implicit rule search has not been done.
#  Modification time never checked.
#  File has not been updated.

# Not a target:
.F.o:
#  Implicit rule search has not been done.
#  Modification time never checked.
#  File has not been updated.
#  commands to execute (built-in):
	$(COMPILE.F) $(OUTPUT_OPTION) $<

# Not a target:
../../share/src/individual_makefile.mk:
#  Implicit rule search has been done.
#  Last modified 2022-05-17 19:56:24
#  File has been updated.
#  Successfully updated.
# variable set hash-table stats:
# Load=0/32=0%, Rehash=0, Collisions=0/0=0%

all: import-task clean-task assign-unique-ids-task export-task
#  Phony target (prerequisite of .PHONY).
#  Implicit rule search has not been done.
#  File does not exist.
#  File has not been updated.
# variable set hash-table stats:
# Load=0/32=0%, Rehash=0, Collisions=0/10=0%

# Not a target:
.m:
#  Implicit rule search has not been done.
#  Modification time never checked.
#  File has not been updated.
#  commands to execute (built-in):
	$(LINK.m) $^ $(LOADLIBES) $(LDLIBS) -o $@

# Not a target:
.y.ln:
#  Implicit rule search has not been done.
#  Modification time never checked.
#  File has not been updated.
#  commands to execute (built-in):
	$(YACC.y) $< 
	$(LINT.c) -C$* y.tab.c 
	$(RM) y.tab.c

# Not a target:
.o:
#  Implicit rule search has not been done.
#  Modification time never checked.
#  File has not been updated.
#  commands to execute (built-in):
	$(LINK.o) $^ $(LOADLIBES) $(LDLIBS) -o $@

# Not a target:
import/src/__pycache__:
#  Implicit rule search has been done.
#  Last modified 2022-05-16 20:09:55
#  File has been updated.
#  Successfully updated.
# variable set hash-table stats:
# Load=0/32=0%, Rehash=0, Collisions=0/0=0%

import-task: import/output/complaints-CPD-witnesses_2000-2018_2018-03.csv.gz import/output/metadata_complaints-CPD-witnesses_2000-2018_2018-03.csv.gz
#  Implicit rule search has been done.
#  File does not exist.
#  File has been updated.
#  Successfully updated.
# variable set hash-table stats:
# Load=0/32=0%, Rehash=0, Collisions=0/4=0%

# Not a target:
.y:
#  Implicit rule search has not been done.
#  Modification time never checked.
#  File has not been updated.

# Not a target:
.def.sym:
#  Implicit rule search has not been done.
#  Modification time never checked.
#  File has not been updated.
#  commands to execute (built-in):
	$(COMPILE.def) -o $@ $<

.PHONY: all clean
#  Implicit rule search has not been done.
#  Modification time never checked.
#  File has not been updated.

# Not a target:
assign-unique-ids/input/complaints-CPD-witnesses_2000-2018_2018-03.csv.gz:
#  Implicit rule search has been done.
#  Last modified 2022-05-17 19:56:39
#  File has been updated.
#  Successfully updated.
# variable set hash-table stats:
# Load=0/32=0%, Rehash=0, Collisions=0/0=0%

# Not a target:
assign-unique-ids/src/setup.py:
#  Implicit rule search has been done.
#  Last modified 2022-05-07 16:59:10
#  File has been updated.
#  Successfully updated.
# variable set hash-table stats:
# Load=0/32=0%, Rehash=0, Collisions=0/0=0%

# Not a target:
.p.o:
#  Implicit rule search has not been done.
#  Modification time never checked.
#  File has not been updated.
#  commands to execute (built-in):
	$(COMPILE.p) $(OUTPUT_OPTION) $<

# Not a target:
.p:
#  Implicit rule search has not been done.
#  Modification time never checked.
#  File has not been updated.
#  commands to execute (built-in):
	$(LINK.p) $^ $(LOADLIBES) $(LDLIBS) -o $@

export/output/complaints-CPD-witnesses_2000-2018_2018-03_profiles.csv.gz: export/src/Makefile export/src/__pycache__ export/src/export.py export/src/setup.py export-link
#  Implicit rule search has not been done.
#  Modification time never checked.
#  File has not been updated.
#  commands to execute (from `Makefile', line 21):
	cd export && python src/export.py
	

# Not a target:
.txinfo.dvi:
#  Implicit rule search has not been done.
#  Modification time never checked.
#  File has not been updated.
#  commands to execute (built-in):
	$(TEXI2DVI) $(TEXI2DVI_FLAGS) $<

assign-unique-ids/input/assign-unique-ids/input/complaints-CPD-witnesses_2000-2018_2018-03.csv.gz:
#  Implicit rule search has not been done.
#  Modification time never checked.
#  File has not been updated.
#  commands to execute (from `Makefile', line 21):
	cd assign-unique-ids/input && ln -s ../../clean/output/complaints-CPD-witnesses_2000-2018_2018-03.csv.gz; 
	

# Not a target:
.a:
#  Implicit rule search has not been done.
#  Modification time never checked.
#  File has not been updated.

# Not a target:
.l.ln:
#  Implicit rule search has not been done.
#  Modification time never checked.
#  File has not been updated.
#  commands to execute (built-in):
	@$(RM) $*.c
	$(LEX.l) $< > $*.c
	$(LINT.c) -i $*.c -o $@
	$(RM) $*.c

# Not a target:
.w.c:
#  Implicit rule search has not been done.
#  Modification time never checked.
#  File has not been updated.
#  commands to execute (built-in):
	$(CTANGLE) $< - $@

# Not a target:
.texi.dvi:
#  Implicit rule search has not been done.
#  Modification time never checked.
#  File has not been updated.
#  commands to execute (built-in):
	$(TEXI2DVI) $(TEXI2DVI_FLAGS) $<

# Not a target:
.sh:
#  Implicit rule search has not been done.
#  Modification time never checked.
#  File has not been updated.
#  commands to execute (built-in):
	cat $< >$@ 
	chmod a+x $@

# Not a target:
.m.o:
#  Implicit rule search has not been done.
#  Modification time never checked.
#  File has not been updated.
#  commands to execute (built-in):
	$(COMPILE.m) $(OUTPUT_OPTION) $<

# Not a target:
.cc:
#  Implicit rule search has not been done.
#  Modification time never checked.
#  File has not been updated.
#  commands to execute (built-in):
	$(LINK.cc) $^ $(LOADLIBES) $(LDLIBS) -o $@

# Not a target:
clean/src/general_utils.py:
#  Implicit rule search has been done.
#  Last modified 2022-05-03 02:01:30
#  File has been updated.
#  Successfully updated.
# variable set hash-table stats:
# Load=0/32=0%, Rehash=0, Collisions=0/0=0%

# Not a target:
.cc.o:
#  Implicit rule search has not been done.
#  Modification time never checked.
#  File has not been updated.
#  commands to execute (built-in):
	$(COMPILE.cc) $(OUTPUT_OPTION) $<

clean-export:
#  Implicit rule search has not been done.
#  Modification time never checked.
#  File has not been updated.
#  commands to execute (from `Makefile', line 21):
	cd export && rm -f output/*
	

# Not a target:
.def:
#  Implicit rule search has not been done.
#  Modification time never checked.
#  File has not been updated.

# Not a target:
.SUFFIXES: .out .a .ln .o .c .cc .C .cpp .p .f .F .m .r .y .l .ym .lm .s .S .mod .sym .def .h .info .dvi .tex .texinfo .texi .txinfo .w .ch .web .sh .elc .el
#  Implicit rule search has not been done.
#  Modification time never checked.
#  File has not been updated.

import/output/complaints-CPD-witnesses_2000-2018_2018-03.csv.gz: import/src/Makefile import/src/__pycache__ import/src/import.py import/src/import_functions.py import/src/setup.py import/input/FOIA_Data_157_(Stecklow)_3.xlsx import-link
#  Implicit rule search has not been done.
#  Implicit/static pattern stem: `'
#  Last modified 2022-05-17 19:56:33
#  File has been updated.
#  Successfully updated.
# automatic
# @ := import/output/complaints-CPD-witnesses_2000-2018_2018-03.csv.gz
# automatic
# % := 
# automatic
# * := 
# automatic
# + := import/src/Makefile import/src/__pycache__ import/src/import.py import/src/import_functions.py import/src/setup.py import/input/FOIA_Data_157_(Stecklow)_3.xlsx import-link
# automatic
# | := 
# automatic
# < := import/src/Makefile
# automatic
# ^ := import/src/Makefile import/src/__pycache__ import/src/import.py import/src/import_functions.py import/src/setup.py import/input/FOIA_Data_157_(Stecklow)_3.xlsx import-link
# automatic
# ? := 
# variable set hash-table stats:
# Load=8/32=25%, Rehash=0, Collisions=1/10=10%
#  commands to execute (from `Makefile', line 21):
	cd import && python src/import.py
	

# Not a target:
.c.o:
#  Implicit rule search has not been done.
#  Modification time never checked.
#  File has not been updated.
#  commands to execute (built-in):
	$(COMPILE.c) $(OUTPUT_OPTION) $<

# Not a target:
Makefile:
#  Implicit rule search has been done.
#  Last modified 2022-05-17 07:55:47
#  File has been updated.
#  Successfully updated.
# variable set hash-table stats:
# Load=0/32=0%, Rehash=0, Collisions=0/0=0%

# Not a target:
.r.o:
#  Implicit rule search has not been done.
#  Modification time never checked.
#  File has not been updated.
#  commands to execute (built-in):
	$(COMPILE.r) $(OUTPUT_OPTION) $<

# Not a target:
.r:
#  Implicit rule search has not been done.
#  Modification time never checked.
#  File has not been updated.
#  commands to execute (built-in):
	$(LINK.r) $^ $(LOADLIBES) $(LDLIBS) -o $@

import/output/metadata_complaints-CPD-witnesses_2000-2018_2018-03.csv.gz: import/src/Makefile import/src/__pycache__ import/src/import.py import/src/import_functions.py import/src/setup.py import/input/FOIA_Data_157_(Stecklow)_3.xlsx import-link
#  Implicit rule search has not been done.
#  Implicit/static pattern stem: `'
#  Last modified 2022-05-17 19:56:37
#  File has been updated.
#  Successfully updated.
# automatic
# @ := import/output/metadata_complaints-CPD-witnesses_2000-2018_2018-03.csv.gz
# automatic
# % := 
# automatic
# * := 
# automatic
# + := import/src/Makefile import/src/__pycache__ import/src/import.py import/src/import_functions.py import/src/setup.py import/input/FOIA_Data_157_(Stecklow)_3.xlsx import-link
# automatic
# | := 
# automatic
# < := import/src/Makefile
# automatic
# ^ := import/src/Makefile import/src/__pycache__ import/src/import.py import/src/import_functions.py import/src/setup.py import/input/FOIA_Data_157_(Stecklow)_3.xlsx import-link
# automatic
# ? := 
# variable set hash-table stats:
# Load=8/32=25%, Rehash=0, Collisions=1/10=10%
#  commands to execute (from `Makefile', line 21):
	cd import && python src/import.py
	

# Not a target:
.lm:
#  Implicit rule search has not been done.
#  Modification time never checked.
#  File has not been updated.

# Not a target:
import/src/Makefile:
#  Implicit rule search has been done.
#  Last modified 2022-05-01 17:23:03
#  File has been updated.
#  Successfully updated.
# variable set hash-table stats:
# Load=0/32=0%, Rehash=0, Collisions=0/0=0%

# Not a target:
.ym.m:
#  Implicit rule search has not been done.
#  Modification time never checked.
#  File has not been updated.
#  commands to execute (built-in):
	$(YACC.m) $< 
	mv -f y.tab.c $@

export/input/complaints-CPD-witnesses_2000-2018_2018-03_profiles.csv.gz:
#  Implicit rule search has not been done.
#  Modification time never checked.
#  File has not been updated.
#  commands to execute (from `Makefile', line 21):
	cd export/input && ln -s ../../assign-unique-ids/output/complaints-CPD-witnesses_2000-2018_2018-03.csv.gz;  ln -s ../../assign-unique-ids/output/complaints-CPD-witnesses_2000-2018_2018-03_profiles.csv.gz; 
	

# Not a target:
clean/src/__pycache__:
#  Implicit rule search has been done.
#  Last modified 2022-05-16 20:21:48
#  File has been updated.
#  Successfully updated.
# variable set hash-table stats:
# Load=0/32=0%, Rehash=0, Collisions=0/0=0%

clean-task: clean/output/complaints-CPD-witnesses_2000-2018_2018-03.csv.gz
#  Implicit rule search has been done.
#  File does not exist.
#  File has been updated.
#  Successfully updated.
# variable set hash-table stats:
# Load=0/32=0%, Rehash=0, Collisions=0/2=0%

# Not a target:
.info:
#  Implicit rule search has not been done.
#  Modification time never checked.
#  File has not been updated.

# Not a target:
export/src/__pycache__:
#  Implicit rule search has been done.
#  Last modified 2022-05-17 16:50:04
#  File has been updated.
#  Successfully updated.
# variable set hash-table stats:
# Load=0/32=0%, Rehash=0, Collisions=0/0=0%

export-task: export/output/complaints-CPD-witnesses_2000-2018_2018-03.csv.gz export/output/complaints-CPD-witnesses_2000-2018_2018-03_profiles.csv.gz
#  Implicit rule search has been done.
#  File does not exist.
#  File has not been updated.
# variable set hash-table stats:
# Load=0/32=0%, Rehash=0, Collisions=0/0=0%

# Not a target:
.elc:
#  Implicit rule search has not been done.
#  Modification time never checked.
#  File has not been updated.

# Not a target:
.l.c:
#  Implicit rule search has not been done.
#  Modification time never checked.
#  File has not been updated.
#  commands to execute (built-in):
	@$(RM) $@ 
	$(LEX.l) $< > $@

# Not a target:
clean/src/clean.py:
#  Implicit rule search has been done.
#  Last modified 2022-05-01 17:23:03
#  File has been updated.
#  Successfully updated.
# variable set hash-table stats:
# Load=0/32=0%, Rehash=0, Collisions=0/0=0%

# Not a target:
import/src/import_functions.py:
#  Implicit rule search has been done.
#  Last modified 2022-05-03 01:41:02
#  File has been updated.
#  Successfully updated.
# variable set hash-table stats:
# Load=0/32=0%, Rehash=0, Collisions=0/0=0%

# Not a target:
.out:
#  Implicit rule search has not been done.
#  Modification time never checked.
#  File has not been updated.

# Not a target:
.C:
#  Implicit rule search has not been done.
#  Modification time never checked.
#  File has not been updated.
#  commands to execute (built-in):
	$(LINK.C) $^ $(LOADLIBES) $(LDLIBS) -o $@

import-link:
#  Implicit rule search has been done.
#  File does not exist.
#  File has been updated.
#  Successfully updated.
# variable set hash-table stats:
# Load=0/32=0%, Rehash=0, Collisions=0/0=0%

# Not a target:
.r.f:
#  Implicit rule search has not been done.
#  Modification time never checked.
#  File has not been updated.
#  commands to execute (built-in):
	$(PREPROCESS.r) $(OUTPUT_OPTION) $<

# Not a target:
.S:
#  Implicit rule search has not been done.
#  Modification time never checked.
#  File has not been updated.
#  commands to execute (built-in):
	$(LINK.S) $^ $(LOADLIBES) $(LDLIBS) -o $@

# Not a target:
.texinfo.info:
#  Implicit rule search has not been done.
#  Modification time never checked.
#  File has not been updated.
#  commands to execute (built-in):
	$(MAKEINFO) $(MAKEINFO_FLAGS) $< -o $@

# Not a target:
.c:
#  Implicit rule search has not been done.
#  Modification time never checked.
#  File has not been updated.
#  commands to execute (built-in):
	$(LINK.c) $^ $(LOADLIBES) $(LDLIBS) -o $@

# Not a target:
.w.tex:
#  Implicit rule search has not been done.
#  Modification time never checked.
#  File has not been updated.
#  commands to execute (built-in):
	$(CWEAVE) $< - $@

# Not a target:
.c.ln:
#  Implicit rule search has not been done.
#  Modification time never checked.
#  File has not been updated.
#  commands to execute (built-in):
	$(LINT.c) -C$* $<

# Not a target:
.s.o:
#  Implicit rule search has not been done.
#  Modification time never checked.
#  File has not been updated.
#  commands to execute (built-in):
	$(COMPILE.s) -o $@ $<

# Not a target:
import/src/setup.py:
#  Implicit rule search has been done.
#  Last modified 2022-05-07 16:59:10
#  File has been updated.
#  Successfully updated.
# variable set hash-table stats:
# Load=0/32=0%, Rehash=0, Collisions=0/0=0%

# Not a target:
.s:
#  Implicit rule search has not been done.
#  Modification time never checked.
#  File has not been updated.
#  commands to execute (built-in):
	$(LINK.s) $^ $(LOADLIBES) $(LDLIBS) -o $@

# Not a target:
export/src/export.py:
#  Implicit rule search has been done.
#  Last modified 2022-05-01 17:23:03
#  File has been updated.
#  Successfully updated.
# variable set hash-table stats:
# Load=0/32=0%, Rehash=0, Collisions=0/0=0%

clean-import:
#  Implicit rule search has not been done.
#  Modification time never checked.
#  File has not been updated.
#  commands to execute (from `Makefile', line 21):
	cd import && rm -f output/*
	

clean/output/complaints-CPD-witnesses_2000-2018_2018-03.csv.gz: clean/src/Makefile clean/src/__pycache__ clean/src/clean.py clean/src/clean_functions.py clean/src/clean_name_utils.py clean/src/clean_utils.py clean/src/general_utils.py clean/src/setup.py clean/input/complaints-CPD-witnesses_2000-2018_2018-03.csv.gz clean/input/metadata_complaints-CPD-witnesses_2000-2018_2018-03.csv.gz clean-link
#  Implicit rule search has not been done.
#  Implicit/static pattern stem: `'
#  Last modified 2022-05-17 19:56:39
#  File has been updated.
#  Successfully updated.
# automatic
# @ := clean/output/complaints-CPD-witnesses_2000-2018_2018-03.csv.gz
# automatic
# % := 
# automatic
# * := 
# automatic
# + := clean/src/Makefile clean/src/__pycache__ clean/src/clean.py clean/src/clean_functions.py clean/src/clean_name_utils.py clean/src/clean_utils.py clean/src/general_utils.py clean/src/setup.py clean/input/complaints-CPD-witnesses_2000-2018_2018-03.csv.gz clean/input/metadata_complaints-CPD-witnesses_2000-2018_2018-03.csv.gz clean-link
# automatic
# | := 
# automatic
# < := clean/src/Makefile
# automatic
# ^ := clean/src/Makefile clean/src/__pycache__ clean/src/clean.py clean/src/clean_functions.py clean/src/clean_name_utils.py clean/src/clean_utils.py clean/src/general_utils.py clean/src/setup.py clean/input/complaints-CPD-witnesses_2000-2018_2018-03.csv.gz clean/input/metadata_complaints-CPD-witnesses_2000-2018_2018-03.csv.gz clean-link
# automatic
# ? := clean/input/complaints-CPD-witnesses_2000-2018_2018-03.csv.gz clean/input/metadata_complaints-CPD-witnesses_2000-2018_2018-03.csv.gz
# variable set hash-table stats:
# Load=8/32=25%, Rehash=0, Collisions=1/10=10%
#  commands to execute (from `Makefile', line 21):
	cd clean && python src/clean.py
	

export/output/complaints-CPD-witnesses_2000-2018_2018-03.csv.gz: export/src/Makefile export/src/__pycache__ export/src/export.py export/src/setup.py export-link
#  Implicit rule search has not been done.
#  Last modified 2022-05-17 19:46:58
#  File has not been updated.
# variable set hash-table stats:
# Load=0/32=0%, Rehash=0, Collisions=0/0=0%
#  commands to execute (from `Makefile', line 21):
	cd export && python src/export.py
	

# Not a target:
.texinfo.dvi:
#  Implicit rule search has not been done.
#  Modification time never checked.
#  File has not been updated.
#  commands to execute (built-in):
	$(TEXI2DVI) $(TEXI2DVI_FLAGS) $<

# Not a target:
.el:
#  Implicit rule search has not been done.
#  Modification time never checked.
#  File has not been updated.

# Not a target:
.texinfo:
#  Implicit rule search has not been done.
#  Modification time never checked.
#  File has not been updated.

# Not a target:
.lm.m:
#  Implicit rule search has not been done.
#  Modification time never checked.
#  File has not been updated.
#  commands to execute (built-in):
	@$(RM) $@ 
	$(LEX.m) $< > $@

# Not a target:
clean/src/Makefile:
#  Implicit rule search has been done.
#  Last modified 2022-05-01 17:23:03
#  File has been updated.
#  Successfully updated.
# variable set hash-table stats:
# Load=0/32=0%, Rehash=0, Collisions=0/0=0%

# Not a target:
.y.c:
#  Implicit rule search has not been done.
#  Modification time never checked.
#  File has not been updated.
#  commands to execute (built-in):
	$(YACC.y) $< 
	mv -f y.tab.c $@

# Not a target:
export/src/Makefile:
#  Implicit rule search has been done.
#  Last modified 2022-05-01 17:23:03
#  File has been updated.
#  Successfully updated.
# variable set hash-table stats:
# Load=0/32=0%, Rehash=0, Collisions=0/0=0%

# Not a target:
.web.tex:
#  Implicit rule search has not been done.
#  Modification time never checked.
#  File has not been updated.
#  commands to execute (built-in):
	$(WEAVE) $<

assign-unique-ids/output/complaints-CPD-witnesses_2000-2018_2018-03_profiles.csv.gz: assign-unique-ids/src/Makefile assign-unique-ids/src/__pycache__ assign-unique-ids/src/assign-unique-ids.py assign-unique-ids/src/assign_unique_ids_functions.py assign-unique-ids/src/general_utils.py assign-unique-ids/src/setup.py assign-unique-ids/input/complaints-CPD-witnesses_2000-2018_2018-03.csv.gz assign-unique-ids-link
#  Implicit rule search has not been done.
#  Implicit/static pattern stem: `'
#  Last modified 2022-05-17 19:56:42
#  File has been updated.
#  Successfully updated.
# automatic
# @ := assign-unique-ids/output/complaints-CPD-witnesses_2000-2018_2018-03_profiles.csv.gz
# automatic
# % := 
# automatic
# * := 
# automatic
# + := assign-unique-ids/src/Makefile assign-unique-ids/src/__pycache__ assign-unique-ids/src/assign-unique-ids.py assign-unique-ids/src/assign_unique_ids_functions.py assign-unique-ids/src/general_utils.py assign-unique-ids/src/setup.py assign-unique-ids/input/complaints-CPD-witnesses_2000-2018_2018-03.csv.gz assign-unique-ids-link
# automatic
# | := 
# automatic
# < := assign-unique-ids/src/Makefile
# automatic
# ^ := assign-unique-ids/src/Makefile assign-unique-ids/src/__pycache__ assign-unique-ids/src/assign-unique-ids.py assign-unique-ids/src/assign_unique_ids_functions.py assign-unique-ids/src/general_utils.py assign-unique-ids/src/setup.py assign-unique-ids/input/complaints-CPD-witnesses_2000-2018_2018-03.csv.gz assign-unique-ids-link
# automatic
# ? := 
# variable set hash-table stats:
# Load=8/32=25%, Rehash=0, Collisions=1/10=10%
#  commands to execute (from `Makefile', line 21):
	cd assign-unique-ids && python src/assign-unique-ids.py
	

# Not a target:
.texi.info:
#  Implicit rule search has not been done.
#  Modification time never checked.
#  File has not been updated.
#  commands to execute (built-in):
	$(MAKEINFO) $(MAKEINFO_FLAGS) $< -o $@

clean/input/clean/input/complaints-CPD-witnesses_2000-2018_2018-03.csv.gz:
#  Implicit rule search has not been done.
#  Modification time never checked.
#  File has not been updated.
#  commands to execute (from `Makefile', line 21):
	cd clean/input && ln -s ../../import/output/complaints-CPD-witnesses_2000-2018_2018-03.csv.gz; 
	

# Not a target:
.DEFAULT:
#  Implicit rule search has not been done.
#  Modification time never checked.
#  File has not been updated.

# Not a target:
.h:
#  Implicit rule search has not been done.
#  Modification time never checked.
#  File has not been updated.

clean-clean:
#  Implicit rule search has not been done.
#  Modification time never checked.
#  File has not been updated.
#  commands to execute (from `Makefile', line 21):
	cd clean && rm -f output/*
	

# Not a target:
import/input/FOIA_Data_157_(Stecklow)_3.xlsx:
#  Implicit rule search has been done.
#  Last modified 2018-07-31 17:07:28
#  File has been updated.
#  Successfully updated.
# variable set hash-table stats:
# Load=0/32=0%, Rehash=0, Collisions=0/0=0%

# Not a target:
clean/src/clean_name_utils.py:
#  Implicit rule search has been done.
#  Last modified 2022-05-01 16:49:57
#  File has been updated.
#  Successfully updated.
# variable set hash-table stats:
# Load=0/32=0%, Rehash=0, Collisions=0/0=0%

# Not a target:
assign-unique-ids/src/general_utils.py:
#  Implicit rule search has been done.
#  Last modified 2022-05-03 02:01:30
#  File has been updated.
#  Successfully updated.
# variable set hash-table stats:
# Load=0/32=0%, Rehash=0, Collisions=0/0=0%

# Not a target:
.tex.dvi:
#  Implicit rule search has not been done.
#  Modification time never checked.
#  File has not been updated.
#  commands to execute (built-in):
	$(TEX) $<

# Not a target:
.cpp.o:
#  Implicit rule search has not been done.
#  Modification time never checked.
#  File has not been updated.
#  commands to execute (built-in):
	$(COMPILE.cpp) $(OUTPUT_OPTION) $<

# Not a target:
.cpp:
#  Implicit rule search has not been done.
#  Modification time never checked.
#  File has not been updated.
#  commands to execute (built-in):
	$(LINK.cpp) $^ $(LOADLIBES) $(LDLIBS) -o $@

clean-link: clean/input/complaints-CPD-witnesses_2000-2018_2018-03.csv.gz
#  Implicit rule search has been done.
#  File does not exist.
#  File has been updated.
#  Successfully updated.
# variable set hash-table stats:
# Load=0/32=0%, Rehash=0, Collisions=0/0=0%

clean: clean-import clean-clean clean-assign-unique-ids clean-export
#  Phony target (prerequisite of .PHONY).
#  Implicit rule search has not been done.
#  File does not exist.
#  File has not been updated.

# Not a target:
.C.o:
#  Implicit rule search has not been done.
#  Modification time never checked.
#  File has not been updated.
#  commands to execute (built-in):
	$(COMPILE.C) $(OUTPUT_OPTION) $<

# Not a target:
.ln:
#  Implicit rule search has not been done.
#  Modification time never checked.
#  File has not been updated.

export-link: export/input/complaints-CPD-witnesses_2000-2018_2018-03.csv.gz export/input/complaints-CPD-witnesses_2000-2018_2018-03_profiles.csv.gz
#  Implicit rule search has been done.
#  File does not exist.
#  File has not been updated.
# variable set hash-table stats:
# Load=0/32=0%, Rehash=0, Collisions=0/0=0%

# Not a target:
.texi:
#  Implicit rule search has not been done.
#  Modification time never checked.
#  File has not been updated.

# Not a target:
.txinfo:
#  Implicit rule search has not been done.
#  Modification time never checked.
#  File has not been updated.

export/input/export/input/complaints-CPD-witnesses_2000-2018_2018-03.csv.gz:
#  Implicit rule search has not been done.
#  Modification time never checked.
#  File has not been updated.
#  commands to execute (from `Makefile', line 21):
	cd export/input && ln -s ../../assign-unique-ids/output/complaints-CPD-witnesses_2000-2018_2018-03.csv.gz;  ln -s ../../assign-unique-ids/output/complaints-CPD-witnesses_2000-2018_2018-03_profiles.csv.gz; 
	

# Not a target:
.tex:
#  Implicit rule search has not been done.
#  Modification time never checked.
#  File has not been updated.

# Not a target:
clean/input/complaints-CPD-witnesses_2000-2018_2018-03.csv.gz:
#  Implicit rule search has been done.
#  Last modified 2022-05-17 19:56:37
#  File has been updated.
#  Successfully updated.
# variable set hash-table stats:
# Load=0/32=0%, Rehash=0, Collisions=0/0=0%

# Not a target:
clean/src/setup.py:
#  Implicit rule search has been done.
#  Last modified 2022-05-07 16:59:10
#  File has been updated.
#  Successfully updated.
# variable set hash-table stats:
# Load=0/32=0%, Rehash=0, Collisions=0/0=0%

# Not a target:
export/input/complaints-CPD-witnesses_2000-2018_2018-03.csv.gz:
#  Implicit rule search has been done.
#  File does not exist.
#  File has not been updated.
# variable set hash-table stats:
# Load=0/32=0%, Rehash=0, Collisions=0/0=0%

# Not a target:
export/src/setup.py:
#  Implicit rule search has been done.
#  Last modified 2022-05-07 16:59:10
#  File has been updated.
#  Successfully updated.
# variable set hash-table stats:
# Load=0/32=0%, Rehash=0, Collisions=0/0=0%

# Not a target:
.txinfo.info:
#  Implicit rule search has not been done.
#  Modification time never checked.
#  File has not been updated.
#  commands to execute (built-in):
	$(MAKEINFO) $(MAKEINFO_FLAGS) $< -o $@

# Not a target:
clean/input/metadata_complaints-CPD-witnesses_2000-2018_2018-03.csv.gz:
#  Implicit rule search has been done.
#  Last modified 2022-05-17 19:56:37
#  File has been updated.
#  Successfully updated.
# variable set hash-table stats:
# Load=0/32=0%, Rehash=0, Collisions=0/0=0%

# Not a target:
.ch:
#  Implicit rule search has not been done.
#  Modification time never checked.
#  File has not been updated.

# Not a target:
clean/src/clean_functions.py:
#  Implicit rule search has been done.
#  Last modified 2022-05-02 18:55:09
#  File has been updated.
#  Successfully updated.
# variable set hash-table stats:
# Load=0/32=0%, Rehash=0, Collisions=0/0=0%

clean-assign-unique-ids:
#  Implicit rule search has not been done.
#  Modification time never checked.
#  File has not been updated.
#  commands to execute (from `Makefile', line 21):
	cd assign-unique-ids && rm -f output/*
	

# Not a target:
assign-unique-ids/src/__pycache__:
#  Implicit rule search has been done.
#  Last modified 2022-05-17 14:34:12
#  File has been updated.
#  Successfully updated.
# variable set hash-table stats:
# Load=0/32=0%, Rehash=0, Collisions=0/0=0%

assign-unique-ids-task: assign-unique-ids/output/complaints-CPD-witnesses_2000-2018_2018-03.csv.gz assign-unique-ids/output/complaints-CPD-witnesses_2000-2018_2018-03_profiles.csv.gz
#  Implicit rule search has been done.
#  File does not exist.
#  File has been updated.
#  Successfully updated.
# variable set hash-table stats:
# Load=0/32=0%, Rehash=0, Collisions=0/4=0%

# Not a target:
assign-unique-ids/src/assign-unique-ids.py:
#  Implicit rule search has been done.
#  Last modified 2022-05-01 17:23:03
#  File has been updated.
#  Successfully updated.
# variable set hash-table stats:
# Load=0/32=0%, Rehash=0, Collisions=0/0=0%

# Not a target:
.S.s:
#  Implicit rule search has not been done.
#  Modification time never checked.
#  File has not been updated.
#  commands to execute (built-in):
	$(PREPROCESS.S) $< > $@

# Not a target:
.mod:
#  Implicit rule search has not been done.
#  Modification time never checked.
#  File has not been updated.
#  commands to execute (built-in):
	$(COMPILE.mod) -o $@ -e $@ $^

# Not a target:
.mod.o:
#  Implicit rule search has not been done.
#  Modification time never checked.
#  File has not been updated.
#  commands to execute (built-in):
	$(COMPILE.mod) -o $@ $<

# Not a target:
.F.f:
#  Implicit rule search has not been done.
#  Modification time never checked.
#  File has not been updated.
#  commands to execute (built-in):
	$(PREPROCESS.F) $(OUTPUT_OPTION) $<

# Not a target:
.w:
#  Implicit rule search has not been done.
#  Modification time never checked.
#  File has not been updated.

# Not a target:
.S.o:
#  Implicit rule search has not been done.
#  Modification time never checked.
#  File has not been updated.
#  commands to execute (built-in):
	$(COMPILE.S) -o $@ $<

# Not a target:
assign-unique-ids/src/assign_unique_ids_functions.py:
#  Implicit rule search has been done.
#  Last modified 2022-05-03 13:03:13
#  File has been updated.
#  Successfully updated.
# variable set hash-table stats:
# Load=0/32=0%, Rehash=0, Collisions=0/0=0%

# Not a target:
.l:
#  Implicit rule search has not been done.
#  Modification time never checked.
#  File has not been updated.

# Not a target:
.F:
#  Implicit rule search has not been done.
#  Modification time never checked.
#  File has not been updated.
#  commands to execute (built-in):
	$(LINK.F) $^ $(LOADLIBES) $(LDLIBS) -o $@

assign-unique-ids/output/complaints-CPD-witnesses_2000-2018_2018-03.csv.gz: assign-unique-ids/src/Makefile assign-unique-ids/src/__pycache__ assign-unique-ids/src/assign-unique-ids.py assign-unique-ids/src/assign_unique_ids_functions.py assign-unique-ids/src/general_utils.py assign-unique-ids/src/setup.py assign-unique-ids/input/complaints-CPD-witnesses_2000-2018_2018-03.csv.gz assign-unique-ids-link
#  Implicit rule search has not been done.
#  Implicit/static pattern stem: `'
#  Last modified 2022-05-17 19:56:40
#  File has been updated.
#  Successfully updated.
# automatic
# @ := assign-unique-ids/output/complaints-CPD-witnesses_2000-2018_2018-03.csv.gz
# automatic
# % := 
# automatic
# * := 
# automatic
# + := assign-unique-ids/src/Makefile assign-unique-ids/src/__pycache__ assign-unique-ids/src/assign-unique-ids.py assign-unique-ids/src/assign_unique_ids_functions.py assign-unique-ids/src/general_utils.py assign-unique-ids/src/setup.py assign-unique-ids/input/complaints-CPD-witnesses_2000-2018_2018-03.csv.gz assign-unique-ids-link
# automatic
# | := 
# automatic
# < := assign-unique-ids/src/Makefile
# automatic
# ^ := assign-unique-ids/src/Makefile assign-unique-ids/src/__pycache__ assign-unique-ids/src/assign-unique-ids.py assign-unique-ids/src/assign_unique_ids_functions.py assign-unique-ids/src/general_utils.py assign-unique-ids/src/setup.py assign-unique-ids/input/complaints-CPD-witnesses_2000-2018_2018-03.csv.gz assign-unique-ids-link
# automatic
# ? := assign-unique-ids/input/complaints-CPD-witnesses_2000-2018_2018-03.csv.gz
# variable set hash-table stats:
# Load=8/32=25%, Rehash=0, Collisions=1/10=10%
#  commands to execute (from `Makefile', line 21):
	cd assign-unique-ids && python src/assign-unique-ids.py
	

# Not a target:
.web:
#  Implicit rule search has not been done.
#  Modification time never checked.
#  File has not been updated.

# Not a target:
.sym:
#  Implicit rule search has not been done.
#  Modification time never checked.
#  File has not been updated.

# Not a target:
.f:
#  Implicit rule search has not been done.
#  Modification time never checked.
#  File has not been updated.
#  commands to execute (built-in):
	$(LINK.f) $^ $(LOADLIBES) $(LDLIBS) -o $@

# Not a target:
.f.o:
#  Implicit rule search has not been done.
#  Modification time never checked.
#  File has not been updated.
#  commands to execute (built-in):
	$(COMPILE.f) $(OUTPUT_OPTION) $<

# Not a target:
assign-unique-ids/src/Makefile:
#  Implicit rule search has been done.
#  Last modified 2022-05-01 17:23:03
#  File has been updated.
#  Successfully updated.
# variable set hash-table stats:
# Load=0/32=0%, Rehash=0, Collisions=0/0=0%

# files hash-table stats:
# Load=128/1024=12%, Rehash=0, Collisions=1346/7571=18%
# VPATH Search Paths

# No `vpath' search paths.

# No general (`VPATH' variable) search path.

# # of strings in strcache: 2
# # of strcache buffers: 1
# strcache size: total = 4096 / max = 4096 / min = 4096 / avg = 4096
# strcache free: total = 4048 / max = 4048 / min = 4048 / avg = 4048

# Finished Make data base on Tue May 17 19:56:42 2022

