running clean.py
Cleaning main unit file
Column 'row_id' was not cleaned.
Column 'appointed_date' cleaned as date using DateTimeCleaners.
Column 'birth_year' was not cleaned.
Column 'race' cleaned as race using GeneralCleaners.
['ASIAN / PACIFIC ISLANDER', 'AMER INDIAN / ALASKAN NATIVE', 'UNKNOWN / REFUSED'] values not in race_types.yaml file. 2323 cases replaced with ''
Column 'gender' cleaned as gender using GeneralCleaners.
Column 'unit' cleaned as int using GeneralCleaners.
Column 'unit_start_date' cleaned as date using DateTimeCleaners.
Column 'unit_end_date' cleaned as date using DateTimeCleaners.
Column 'current_star' cleaned as star using GeneralCleaners.
Column 'star_start_date' was not cleaned.
Column 'star_end_date' was not cleaned.
Column 'star_type' was not cleaned.
Column 'star1' cleaned as star using GeneralCleaners.
Column 'star2' cleaned as star using GeneralCleaners.
Column 'star3' cleaned as star using GeneralCleaners.
Column 'star4' cleaned as star using GeneralCleaners.
Column 'star5' cleaned as star using GeneralCleaners.
Column 'star6' cleaned as star using GeneralCleaners.
Column 'star7' cleaned as star using GeneralCleaners.
Column 'star8' cleaned as star using GeneralCleaners.
Column 'star9' cleaned as star using GeneralCleaners.
Column 'star10' cleaned as star using GeneralCleaners.
Column 'star11' was not cleaned.
Column 'star12' was not cleaned.
Column 'star13' was not cleaned.
Column 'star14' was not cleaned.
Column 'star15' was not cleaned.
Column(s) '('first_name', 'middle_initial', 'last_name')' cleaned as name(s) using NameCleaners.
Columns dropped due to all NA values: ('full_name', 'middle_name', 'human_name', 'second_name')
