running src/merge.py
Processing file: input/all-sworn-units_demographics.csv.gz as demographics file.
Append to reference complete.
Officers Added: 652
Merge Report: 31355 Total Merged. 98.63% of DF1 and 97.96% of DF2 Merged.
435 Unmerged in DF1. 1.37% Unmerged.
652 Unmerged in DF2. 2.04% Unmerged.
Merge List: current_unit-suffix_name-race-gender-middle_initial2-middle_initial-birth_year-appointed_date-last_name_NS-first_name_NS    28941
suffix_name-race-gender-middle_initial2-middle_initial-birth_year-appointed_date-last_name_NS-first_name_NS                  2390
current_unit-suffix_name-race-gender-middle_initial2-middle_initial-birth_year-appointed_date-first_name_NS                    14
current_unit-suffix_name-race-gender-middle_initial2-middle_initial-birth_year-appointed_date-F4LN-first_name_NS                4
current_unit-suffix_name-race-gender-middle_initial2-birth_year-appointed_date-last_name_NS                                     1
suffix_name-race-gender-middle_initial2-middle_initial-birth_year-appointed_date-last_name_NS                                   1
current_unit-suffix_name-race-gender-middle_initial2-middle_initial-appointed_date-last_name_NS-first_name_NS                   1
L4FN-birth_year-race-gender-current_unit-appointed_date                                                                         1
current_unit-suffix_name-race-gender-middle_initial2-middle_initial-birth_year-appointed_date-last_name_NS-F4FN                 1
current_unit-suffix_name-gender-middle_initial2-middle_initial-birth_year-appointed_date-last_name_NS-first_name_NS             1
Name: Match, dtype: int64
Starting to generate_profiles.
Finised generate_profiles.
Starting remerge to input/all-sworn-units.csv.gz data
Finished remerge.
Processing file: input/ase-units_demographics.csv.gz as demographics file.
Append to reference complete.
Officers Added: 8
Merge Report: 31589 Total Merged. 97.37% of DF1 and 99.97% of DF2 Merged.
853 Unmerged in DF1. 2.63% Unmerged.
8 Unmerged in DF2. 0.03% Unmerged.
Merge List: current_unit-suffix_name-race-gender-middle_initial2-current_age_m1-appointed_date-last_name_NS-first_name_NS-star1                      17624
current_unit-suffix_name-race-gender-middle_initial2-current_age_p1-appointed_date-last_name_NS-first_name_NS-star1                       5334
current_unit-suffix_name-race-gender-middle_initial2-middle_initial-current_age_m1-appointed_date-last_name_NS-first_name_NS-star1        3860
suffix_name-race-gender-middle_initial2-current_age_m1-appointed_date-last_name_NS-first_name_NS-star1                                    1645
current_unit-suffix_name-race-gender-middle_initial2-middle_initial-current_age_p1-appointed_date-last_name_NS-first_name_NS-star1        1191
suffix_name-race-gender-middle_initial2-current_age_p1-appointed_date-last_name_NS-first_name_NS-star1                                     494
current_unit-suffix_name-race-gender-middle_initial2-current_age_m1-appointed_date-last_name_NS-first_name_NS                              444
suffix_name-race-gender-middle_initial2-middle_initial-current_age_m1-appointed_date-last_name_NS-first_name_NS-star1                      354
current_unit-suffix_name-race-gender-middle_initial2-current_age_p1-appointed_date-last_name_NS-first_name_NS                              120
current_unit-suffix_name-race-gender-middle_initial2-current_age_m1-appointed_date-last_name_NS-first_name_NS-min_star                     116
current_unit-suffix_name-race-gender-middle_initial2-middle_initial-current_age_m1-appointed_date-last_name_NS-first_name_NS               101
suffix_name-race-gender-middle_initial2-middle_initial-current_age_p1-appointed_date-last_name_NS-first_name_NS-star1                       96
suffix_name-race-gender-middle_initial2-current_age_m1-appointed_date-last_name_NS-first_name_NS                                            45
current_unit-suffix_name-race-gender-middle_initial2-current_age_p1-appointed_date-last_name_NS-first_name_NS-min_star                      42
current_unit-suffix_name-race-gender-middle_initial2-middle_initial-current_age_p1-appointed_date-last_name_NS-first_name_NS                29
current_unit-suffix_name-race-gender-middle_initial2-middle_initial-current_age_m1-appointed_date-last_name_NS-first_name_NS-min_star       19
current_unit-suffix_name-race-gender-middle_initial2-current_age_m1-appointed_date-first_name_NS-star1                                      12
suffix_name-race-gender-middle_initial2-current_age_p1-appointed_date-last_name_NS-first_name_NS                                             8
suffix_name-race-gender-middle_initial2-current_age_m1-appointed_date-last_name_NS-first_name_NS-min_star                                    6
current_unit-suffix_name-race-gender-middle_initial2-middle_initial-current_age_m1-appointed_date-first_name_NS-star1                        6
suffix_name-race-gender-middle_initial2-middle_initial-current_age_m1-appointed_date-last_name_NS-first_name_NS                              6
current_unit-suffix_name-race-gender-middle_initial2-current_age_m1-appointed_date-F4LN-first_name_NS-star1                                  5
current_unit-suffix_name-race-gender-current_age_m1-appointed_date-last_name_NS-first_name_NS-star1                                          4
suffix_name-race-gender-middle_initial2-middle_initial-current_age_p1-appointed_date-last_name_NS-first_name_NS                              4
suffix_name-race-gender-middle_initial2-current_age_p1-appointed_date-last_name_NS-first_name_NS-min_star                                    3
current_unit-suffix_name-race-gender-middle_initial2-middle_initial-current_age_p1-appointed_date-last_name_NS-first_name_NS-min_star        3
current_unit-suffix_name-race-gender-middle_initial2-current_age_p1-appointed_date-first_name_NS-star1                                       3
current_unit-suffix_name-race-gender-middle_initial2-middle_initial-current_age_m1-appointed_date-F4LN-first_name_NS-star1                   2
current_unit-suffix_name-race-gender-middle_initial-current_age_m1-appointed_date-last_name_NS-first_name_NS-star1                           1
current_unit-suffix_name-race-gender-middle_initial2-middle_initial-current_age_p1-appointed_date-first_name_NS-star1                        1
current_unit-suffix_name-race-gender-middle_initial2-current_age_p1-appointed_date-last_name_NS-star1                                        1
suffix_name-race-gender-middle_initial2-middle_initial-current_age_p1-appointed_date-first_name_NS-star1                                     1
first_name_NS-appointed_date-race-gender-current_unit                                                                                        1
suffix_name-race-gender-middle_initial2-current_age_m1-appointed_date-first_name_NS-star1                                                    1
appointed_date-gender-star1-current_age_p1-current_unit                                                                                      1
current_unit-suffix_name-gender-middle_initial2-current_age_m1-appointed_date-last_name_NS-first_name_NS-star1                               1
suffix_name-race-gender-middle_initial2-current_age_p1-appointed_date-first_name_NS-star1                                                    1
current_unit-suffix_name-race-gender-middle_initial2-current_age_m1-appointed_date-F4LN-first_name_NS-min_star                               1
current_unit-suffix_name-race-gender-current_age_p1-appointed_date-last_name_NS-first_name_NS-star1                                          1
suffix_name-race-gender-middle_initial2-middle_initial-current_age_m1-appointed_date-last_name_NS-first_name_NS-min_star                     1
suffix_name-race-gender-middle_initial2-current_age_m1-appointed_date-last_name_NS-F4FN-star1                                                1
Name: Match, dtype: int64
Starting to generate_profiles.
Finised generate_profiles.
Starting remerge to input/ase-units.csv.gz data
Finished remerge.
