running merge.py
Adding column [F4FN] to data with ID = UID
Adding column [F4LN] to data with ID = UID
Adding column [F1FN] to data with ID = UID
Adding column [L3FN] to data with ID = UID
Adding column [F1LN] to data with ID = UID
Adding column [L3LN] to data with ID = UID
Adding column [L4LN] to data with ID = UID
Adding column [appointed_date] to data with ID = UID
17 rows dropped due to merge!=1. 20112 rows remaining
Data reshaped wide (20112 rows) to long (128860 rows) by cr_id columns
Adding column [F4FN] to data with ID = complaints-accused_1967-1999_2016-12_ID
Adding column [F4LN] to data with ID = complaints-accused_1967-1999_2016-12_ID
Adding column [F1FN] to data with ID = complaints-accused_1967-1999_2016-12_ID
Adding column [L3FN] to data with ID = complaints-accused_1967-1999_2016-12_ID
Adding column [F1LN] to data with ID = complaints-accused_1967-1999_2016-12_ID
Adding column [L3LN] to data with ID = complaints-accused_1967-1999_2016-12_ID
Adding column [L4LN] to data with ID = complaints-accused_1967-1999_2016-12_ID
Adding column [appointed_date] to data with ID = complaints-accused_1967-1999_2016-12_ID
Running merge (1 of 4): base
Required column types: first_name, last_name, appointed_date
Optional column types: star, birth_year, middle_initial, gender, race, suffix_name, current_unit
Alternate columns for types: first_name: first_name_NS, F4FN; last_name: last_name_NS, F4LN, L4LN; birth_year: birth_year, current_age, current_age_m1, current_age_p1, 
16368 rows merged. 48.62% of ref and 85.58% of sup merged.
33663 unmerged in ref. 100.0% unmerged.
2758 unmerged in sup. 14.42% unmerged.

Running merge (2 of 4): null appointed date (reference) merge
Required column types: first_name, last_name, birth_year
Optional column types: star, appointed_date, middle_initial, gender, race, suffix_name, current_unit
Alternate columns for types: first_name: first_name_NS, F4FN; last_name: last_name_NS, F4LN, L4LN; birth_year: birth_year, current_age
14 rows merged. 0.04% of ref and 0.07% of sup merged.
33663 unmerged in ref. 100.0% unmerged.
2744 unmerged in sup. 14.35% unmerged.

Running merge (3 of 4): multirow merges
Required column types: first_name
Optional column types: star, last_name, appointed_date, birth_year, middle_initial, gender, race, suffix_name, current_unit
Alternate columns for types: first_name: first_name_NS, F4FN; last_name: last_name_NS, F4LN, ; birth_year: birth_year, current_age, current_age_m1, current_age_p1, 
1 rows merged. 0.0% of ref and 0.01% of sup merged.
33663 unmerged in ref. 100.0% unmerged.
2743 unmerged in sup. 14.34% unmerged.

Running merge (4 of 4): 
30 rows merged. 0.09% of ref and 0.16% of sup merged.
33663 unmerged in ref. 100.0% unmerged.
2713 unmerged in sup. 14.18% unmerged.

Final Merge Report: 
16413 rows merged. 48.76% of ref and 85.82% of sup merged.
17355 unmerged in ref. 51.56% unmerged.
2713 unmerged in sup. 14.18% unmerged.
matched_on
star-first_name_NS-last_name_NS-appointed_date-current_unit                          6974
star-first_name_NS-last_name_NS-appointed_date                                       6894
first_name_NS-last_name_NS-appointed_date-current_unit                                987
first_name_NS-last_name_NS-appointed_date                                             517
star-first_name_NS-last_name_NS-appointed_date-suffix_name-current_unit               394
star-first_name_NS-last_name_NS-appointed_date-suffix_name                            357
star-first_name_NS-F4LN-appointed_date                                                 66
first_name_NS-last_name_NS-appointed_date-suffix_name-current_unit                     57
first_name_NS-last_name_NS-appointed_date-suffix_name                                  26
star-first_name_NS-L4LN-appointed_date                                                 24
star-last_name_NS-appointed_date                                                       22
star-first_name_NS-F4LN-appointed_date-current_unit                                    21
star-first_name_NS-L4LN-appointed_date-current_unit                                    15
first_name_NS-last_name_NS                                                             13
star-first_name_NS-last_name_NS                                                         9
first_name_NS-F4LN-appointed_date                                                       7
star-F4FN-last_name_NS-appointed_date                                                   6
first_name_NS-L4LN-appointed_date                                                       5
star-F4FN-last_name_NS-appointed_date-current_unit                                      4
star-first_name_NS-last_name_NS-appointed_date-middle_initial-current_unit              3
star-F4FN-last_name_NS-appointed_date-suffix_name                                       2
F4FN-last_name_NS-appointed_date                                                        2
star-first_name_NS-L4LN-appointed_date-suffix_name-current_unit                         2
first_name_NS-last_name_NS-appointed_date-middle_initial-suffix_name-current_unit       1
star-first_name_NS-last_name_NS-appointed_date-middle_initial                           1
first_name_NS-F4LN-appointed_date-current_unit                                          1
F4FN-L4LN-appointed_date                                                                1
star-first_name_NS-F4LN-appointed_date-middle_initial                                   1
star-first_name_NS-last_name_NS-F4LN-appointed_date-current_unit-F4FN                   1
Name: count, dtype: int64
Preparing accused file for resolve.
Dropped 4369 cr_ids for not having UIDs associated
