running src/clean.py
Dropping redundant current_rank2 column
Creating complaint_category column from current_investigator_category + '-' + current_investigator_category_code
Creating final_finding_USE and final_outcome_USE columns
Column 'row_id' was not cleaned.
Column 'cr_id' was not cleaned.
Column 'race' cleaned as race using GeneralCleaners.
[nan, 'U'] values not in race_types.yaml file. 48849 cases replaced with ''
Column 'gender' cleaned as gender using GeneralCleaners.
[nan] values not in gender_types.yaml file. 48770 cases replaced with ''
Column 'birth_year' was not cleaned.
Column 'star' cleaned as star using GeneralCleaners.
Column 'emp_no' was not cleaned.
Column 'rank' was not cleaned.
Column 'allegation_category' was not cleaned.
Column 'allegation_category_code' was not cleaned.
Column 'current_investigator_category' was not cleaned.
Column 'current_investigator_category_code' was not cleaned.
Column 'unit' cleaned as int using GeneralCleaners.
Column 'unit_detail' was not cleaned.
Column 'accused_arrested' was not cleaned.
Column 'duty_status' was not cleaned.
Column 'injured' was not cleaned.
Column 'final_finding' was not cleaned.
Column 'finding_narrative' was not cleaned.
Column 'accusation_id' was not cleaned.
Column 'penalty_id' was not cleaned.
Column 'penalty_code' was not cleaned.
Column 'number_of_days' was not cleaned.
Column 'final_finding_narrative' was not cleaned.
Column 'iad_ops' was not cleaned.
Column 'cr_required' was not cleaned.
Column 'complaint_category' was not cleaned.
Column 'final_finding_USE' was not cleaned.
Column 'final_outcome_USE' was not cleaned.
Column(s) '('first_name', 'last_name', 'middle_initial')' cleaned as name(s) using NameCleaners.
Columns dropped due to all NA values: ('middle_name', 'second_name', 'human_name', 'full_name')
