running clean.py
Column 'row_id' was not cleaned.
Column 'trr_id' was not cleaned.
Column 'rank' was not cleaned.
Column 'current_rank' was not cleaned.
Column 'unit' cleaned as int using GeneralCleaners.
Column 'current_unit' cleaned as int using GeneralCleaners.
Column 'member_watch' was not cleaned.
Column 'race' cleaned as race using GeneralCleaners.
['UNKNOWN'] values not in race_types.yaml file. 215 cases replaced with ''
Column 'gender' cleaned as gender using GeneralCleaners.
Column 'birth_year' was not cleaned.
Column 'height' was not cleaned.
Column 'weight' was not cleaned.
Column 'appointed_date' cleaned as date using DateTimeCleaners.
Column 'member_assigned_beat' was not cleaned.
Column 'trr_date' cleaned as date using DateTimeCleaners.
Column 'duty_status' was not cleaned.
Column 'in_uniform' was not cleaned.
Column 'injured' was not cleaned.
Column 'star1' cleaned as star using GeneralCleaners.
Column 'star2' cleaned as star using GeneralCleaners.
Column 'current_beat' was not cleaned.
Column(s) '('first_name', 'last_name', 'middle_initial')' cleaned as name(s) using NameCleaners.
Columns dropped due to all NA values: ('second_name', 'middle_name', 'full_name', 'human_name')
